Using pre-set license
Built from '2021.3/staging' branch; Version is '2021.3.11f1 (0a5ca18544bf) revision 679073'; Using compiler version '192829333'; Build Type 'Release'
OS: 'Windows 10  (10.0.19044) 64bit Core' Language: 'en' Physical Memory: 16311 MB
BatchMode: 1, IsHumanControllingUs: 0, StartBugReporterOnCrash: 0, Is64bit: 1, IsPro: 1

COMMAND LINE ARGUMENTS:
C:\Program Files\Unity\Hub\Editor\2021.3.11f1\Editor\Unity.exe
-adb2
-batchMode
-noUpm
-name
AssetImportWorker0
-projectPath
D:/Unity Projects/Github/GGJ_2023_Roots/GGJ_2023_Roots
-logFile
Logs/AssetImportWorker0.log
-srvPort
54267
Successfully changed project path to: D:/Unity Projects/Github/GGJ_2023_Roots/GGJ_2023_Roots
D:/Unity Projects/Github/GGJ_2023_Roots/GGJ_2023_Roots
[UnityMemory] Configuration Parameters - Can be set up in boot.config
    "memorysetup-bucket-allocator-granularity=16"
    "memorysetup-bucket-allocator-bucket-count=8"
    "memorysetup-bucket-allocator-block-size=33554432"
    "memorysetup-bucket-allocator-block-count=8"
    "memorysetup-main-allocator-block-size=16777216"
    "memorysetup-thread-allocator-block-size=16777216"
    "memorysetup-gfx-main-allocator-block-size=16777216"
    "memorysetup-gfx-thread-allocator-block-size=16777216"
    "memorysetup-cache-allocator-block-size=4194304"
    "memorysetup-typetree-allocator-block-size=2097152"
    "memorysetup-profiler-bucket-allocator-granularity=16"
    "memorysetup-profiler-bucket-allocator-bucket-count=8"
    "memorysetup-profiler-bucket-allocator-block-size=33554432"
    "memorysetup-profiler-bucket-allocator-block-count=8"
    "memorysetup-profiler-allocator-block-size=16777216"
    "memorysetup-profiler-editor-allocator-block-size=1048576"
    "memorysetup-temp-allocator-size-main=16777216"
    "memorysetup-job-temp-allocator-block-size=2097152"
    "memorysetup-job-temp-allocator-block-size-background=1048576"
    "memorysetup-job-temp-allocator-reduction-small-platforms=262144"
    "memorysetup-temp-allocator-size-background-worker=32768"
    "memorysetup-temp-allocator-size-job-worker=262144"
    "memorysetup-temp-allocator-size-preload-manager=33554432"
    "memorysetup-temp-allocator-size-nav-mesh-worker=65536"
    "memorysetup-temp-allocator-size-audio-worker=65536"
    "memorysetup-temp-allocator-size-cloud-worker=32768"
    "memorysetup-temp-allocator-size-gi-baking-worker=262144"
    "memorysetup-temp-allocator-size-gfx=262144"
Refreshing native plugins compatible for Editor in 143.64 ms, found 7 plugins.
Preloading 0 native plugins for Editor in 0.00 ms.
Initialize engine version: 2021.3.11f1 (0a5ca18544bf)
[Subsystems] Discovering subsystems at path C:/Program Files/Unity/Hub/Editor/2021.3.11f1/Editor/Data/Resources/UnitySubsystems
[Subsystems] Discovering subsystems at path D:/Unity Projects/Github/GGJ_2023_Roots/GGJ_2023_Roots/Assets
GfxDevice: creating device client; threaded=0; jobified=0
Direct3D:
    Version:  Direct3D 11.0 [level 11.1]
    Renderer: AMD Radeon RX 5700 XT (ID=0x731f)
    Vendor:   ATI
    VRAM:     8151 MB
    Driver:   31.0.12029.7019
Initialize mono
Mono path[0] = 'C:/Program Files/Unity/Hub/Editor/2021.3.11f1/Editor/Data/Managed'
Mono path[1] = 'C:/Program Files/Unity/Hub/Editor/2021.3.11f1/Editor/Data/MonoBleedingEdge/lib/mono/unityjit-win32'
Mono config path = 'C:/Program Files/Unity/Hub/Editor/2021.3.11f1/Editor/Data/MonoBleedingEdge/etc'
Using monoOptions --debugger-agent=transport=dt_socket,embedding=1,server=y,suspend=n,address=127.0.0.1:56796
Begin MonoManager ReloadAssembly
Registering precompiled unity dll's ...
Register platform support module: C:/Program Files/Unity/Hub/Editor/2021.3.11f1/Editor/Data/PlaybackEngines/WebGLSupport/UnityEditor.WebGL.Extensions.dll
Register platform support module: C:/Program Files/Unity/Hub/Editor/2021.3.11f1/Editor/Data/PlaybackEngines/WindowsStandaloneSupport/UnityEditor.WindowsStandalone.Extensions.dll
Register platform support module: C:/Program Files/Unity/Hub/Editor/2021.3.11f1/Editor/Data/PlaybackEngines/MetroSupport/UnityEditor.UWP.Extensions.dll
Registered in 0.011742 seconds.
Native extension for UWP target not found
Native extension for WindowsStandalone target not found
Native extension for WebGL target not found
Refreshing native plugins compatible for Editor in 126.16 ms, found 7 plugins.
Preloading 0 native plugins for Editor in 0.00 ms.
Mono: successfully reloaded assembly
- Completed reload, in  0.712 seconds
Domain Reload Profiling:
	ReloadAssembly (712ms)
		BeginReloadAssembly (77ms)
			ExecutionOrderSort (0ms)
			DisableScriptedObjects (0ms)
			BackupInstance (0ms)
			ReleaseScriptingObjects (0ms)
			CreateAndSetChildDomain (1ms)
		EndReloadAssembly (517ms)
			LoadAssemblies (75ms)
			RebuildTransferFunctionScriptingTraits (0ms)
			SetupTypeCache (108ms)
			ReleaseScriptCaches (0ms)
			RebuildScriptCaches (28ms)
			SetupLoadedEditorAssemblies (323ms)
				LogAssemblyErrors (0ms)
				InitializePlatformSupportModulesInManaged (11ms)
				SetLoadedEditorAssemblies (0ms)
				RefreshPlugins (126ms)
				BeforeProcessingInitializeOnLoad (2ms)
				ProcessInitializeOnLoadAttributes (138ms)
				ProcessInitializeOnLoadMethodAttributes (46ms)
				AfterProcessingInitializeOnLoad (0ms)
				EditorAssembliesLoaded (0ms)
			ExecutionOrderSort2 (0ms)
			AwakeInstancesAfterBackupRestoration (0ms)
Platform modules already initialized, skipping
Registering precompiled user dll's ...
Registered in 0.013386 seconds.
Begin MonoManager ReloadAssembly
Symbol file LoadedFromMemory doesn't match image D:\Unity Projects\Github\GGJ_2023_Roots\GGJ_2023_Roots\Library\PackageCache\com.unity.visualscripting@1.7.8\Editor\VisualScripting.Core\Dependencies\DotNetZip\Unity.VisualScripting.IonicZip.dll
Symbol file LoadedFromMemory doesn't match image D:\Unity Projects\Github\GGJ_2023_Roots\GGJ_2023_Roots\Library\PackageCache\com.unity.visualscripting@1.7.8\Editor\VisualScripting.Core\Dependencies\YamlDotNet\Unity.VisualScripting.YamlDotNet.dll
Native extension for UWP target not found
Native extension for WindowsStandalone target not found
Native extension for WebGL target not found
Refreshing native plugins compatible for Editor in 135.01 ms, found 7 plugins.
Preloading 0 native plugins for Editor in 0.00 ms.
Mono: successfully reloaded assembly
- Completed reload, in  1.639 seconds
Domain Reload Profiling:
	ReloadAssembly (1641ms)
		BeginReloadAssembly (121ms)
			ExecutionOrderSort (0ms)
			DisableScriptedObjects (6ms)
			BackupInstance (0ms)
			ReleaseScriptingObjects (0ms)
			CreateAndSetChildDomain (22ms)
		EndReloadAssembly (1397ms)
			LoadAssemblies (110ms)
			RebuildTransferFunctionScriptingTraits (0ms)
			SetupTypeCache (359ms)
			ReleaseScriptCaches (1ms)
			RebuildScriptCaches (84ms)
			SetupLoadedEditorAssemblies (793ms)
				LogAssemblyErrors (0ms)
				InitializePlatformSupportModulesInManaged (9ms)
				SetLoadedEditorAssemblies (0ms)
				RefreshPlugins (135ms)
				BeforeProcessingInitializeOnLoad (135ms)
				ProcessInitializeOnLoadAttributes (409ms)
				ProcessInitializeOnLoadMethodAttributes (90ms)
				AfterProcessingInitializeOnLoad (14ms)
				EditorAssembliesLoaded (0ms)
			ExecutionOrderSort2 (0ms)
			AwakeInstancesAfterBackupRestoration (6ms)
Platform modules already initialized, skipping
========================================================================
Worker process is ready to serve import requests
Launched and connected shader compiler UnityShaderCompiler.exe after 0.05 seconds
Refreshing native plugins compatible for Editor in 1.78 ms, found 7 plugins.
Preloading 0 native plugins for Editor in 0.00 ms.
Unloading 5473 Unused Serialized files (Serialized files now loaded: 0)
Unloading 114 unused Assets / (0.8 MB). Loaded Objects now: 5864.
Memory consumption went from 222.1 MB to 221.2 MB.
Total: 4.324400 ms (FindLiveObjects: 0.680200 ms CreateObjectMapping: 0.163500 ms MarkObjects: 3.005200 ms  DeleteObjects: 0.474200 ms)

AssetImportParameters requested are different than current active one (requested -> active):
  custom:video-decoder-ogg-theora: a1e56fd34408186e4bbccfd4996cb3dc -> 
  custom:container-muxer-webm: aa71ff27fc2769a1b78a27578f13a17b -> 
  custom:container-demuxer-webm: 4f35f7cbe854078d1ac9338744f61a02 -> 
  custom:video-encoder-webm-vp8: eb34c28f22e8b96e1ab97ce403110664 -> 
  custom:video-codec-MediaFoundation-h265: e54d7ab0439102e2317fc1e4b246158d -> 
  custom:audio-encoder-webm-vorbis: bf7c407c2cedff20999df2af8eb42d56 -> 
  custom:framework-win-MediaFoundation: 216162199b28c13a410421893ffa2e32 -> 
  custom:container-demuxer-ogg: 62fdf1f143b41e24485cea50d1cbac27 -> 
  custom:video-decoder-webm-vp8: 9c59270c3fd7afecdb556c50c9e8de78 -> 
  custom:audio-decoder-ogg-vorbis: bf7c407c2cedff20999df2af8eb42d56 -> 
========================================================================
Received Import Request.
  Time since last request: 1914211.175305 seconds.
  path: Assets/Scenes/SongStage.unity
  artifactKey: Guid(9fc0d4010bbf28b4594072e72b8655ab) Importer(815301076,1909f56bfc062723c751e8b465ee728b)
Start importing Assets/Scenes/SongStage.unity using Guid(9fc0d4010bbf28b4594072e72b8655ab) Importer(815301076,1909f56bfc062723c751e8b465ee728b)  -> (artifact id: 'deb8c1a37aff6e05acc77acc814eff9c') in 0.015153 seconds 
========================================================================
Received Prepare
Registering precompiled user dll's ...
Registered in 0.010605 seconds.
Begin MonoManager ReloadAssembly
Symbol file LoadedFromMemory doesn't match image D:\Unity Projects\Github\GGJ_2023_Roots\GGJ_2023_Roots\Library\PackageCache\com.unity.visualscripting@1.7.8\Editor\VisualScripting.Core\Dependencies\DotNetZip\Unity.VisualScripting.IonicZip.dll
Symbol file LoadedFromMemory doesn't match image D:\Unity Projects\Github\GGJ_2023_Roots\GGJ_2023_Roots\Library\PackageCache\com.unity.visualscripting@1.7.8\Editor\VisualScripting.Core\Dependencies\YamlDotNet\Unity.VisualScripting.YamlDotNet.dll
Native extension for UWP target not found
Native extension for WindowsStandalone target not found
Native extension for WebGL target not found
Refreshing native plugins compatible for Editor in 1.90 ms, found 7 plugins.
Preloading 0 native plugins for Editor in 0.00 ms.
Mono: successfully reloaded assembly
- Completed reload, in  1.321 seconds
Domain Reload Profiling:
	ReloadAssembly (1322ms)
		BeginReloadAssembly (148ms)
			ExecutionOrderSort (0ms)
			DisableScriptedObjects (4ms)
			BackupInstance (0ms)
			ReleaseScriptingObjects (0ms)
			CreateAndSetChildDomain (46ms)
		EndReloadAssembly (1066ms)
			LoadAssemblies (110ms)
			RebuildTransferFunctionScriptingTraits (0ms)
			SetupTypeCache (328ms)
			ReleaseScriptCaches (2ms)
			RebuildScriptCaches (55ms)
			SetupLoadedEditorAssemblies (522ms)
				LogAssemblyErrors (0ms)
				InitializePlatformSupportModulesInManaged (18ms)
				SetLoadedEditorAssemblies (1ms)
				RefreshPlugins (2ms)
				BeforeProcessingInitializeOnLoad (100ms)
				ProcessInitializeOnLoadAttributes (314ms)
				ProcessInitializeOnLoadMethodAttributes (76ms)
				AfterProcessingInitializeOnLoad (11ms)
				EditorAssembliesLoaded (0ms)
			ExecutionOrderSort2 (0ms)
			AwakeInstancesAfterBackupRestoration (9ms)
Platform modules already initialized, skipping
Refreshing native plugins compatible for Editor in 9.41 ms, found 7 plugins.
Preloading 0 native plugins for Editor in 0.00 ms.
Unloading 5336 Unused Serialized files (Serialized files now loaded: 0)
Unloading 93 unused Assets / (0.8 MB). Loaded Objects now: 5879.
Memory consumption went from 213.6 MB to 212.8 MB.
Total: 5.061700 ms (FindLiveObjects: 0.594100 ms CreateObjectMapping: 0.462500 ms MarkObjects: 3.535700 ms  DeleteObjects: 0.468000 ms)

AssetImportParameters requested are different than current active one (requested -> active):
  custom:video-decoder-ogg-theora: a1e56fd34408186e4bbccfd4996cb3dc -> 
  custom:container-muxer-webm: aa71ff27fc2769a1b78a27578f13a17b -> 
  custom:container-demuxer-webm: 4f35f7cbe854078d1ac9338744f61a02 -> 
  custom:video-encoder-webm-vp8: eb34c28f22e8b96e1ab97ce403110664 -> 
  custom:video-codec-MediaFoundation-h265: e54d7ab0439102e2317fc1e4b246158d -> 
  custom:audio-encoder-webm-vorbis: bf7c407c2cedff20999df2af8eb42d56 -> 
  custom:framework-win-MediaFoundation: 216162199b28c13a410421893ffa2e32 -> 
  custom:container-demuxer-ogg: 62fdf1f143b41e24485cea50d1cbac27 -> 
  custom:video-decoder-webm-vp8: 9c59270c3fd7afecdb556c50c9e8de78 -> 
  custom:audio-decoder-ogg-vorbis: bf7c407c2cedff20999df2af8eb42d56 -> 
========================================================================
Received Prepare
Registering precompiled user dll's ...
Registered in 0.011139 seconds.
Begin MonoManager ReloadAssembly
Symbol file LoadedFromMemory doesn't match image D:\Unity Projects\Github\GGJ_2023_Roots\GGJ_2023_Roots\Library\PackageCache\com.unity.visualscripting@1.7.8\Editor\VisualScripting.Core\Dependencies\DotNetZip\Unity.VisualScripting.IonicZip.dll
Symbol file LoadedFromMemory doesn't match image D:\Unity Projects\Github\GGJ_2023_Roots\GGJ_2023_Roots\Library\PackageCache\com.unity.visualscripting@1.7.8\Editor\VisualScripting.Core\Dependencies\YamlDotNet\Unity.VisualScripting.YamlDotNet.dll
Native extension for UWP target not found
Native extension for WindowsStandalone target not found
Native extension for WebGL target not found
Refreshing native plugins compatible for Editor in 2.00 ms, found 7 plugins.
Preloading 0 native plugins for Editor in 0.00 ms.
Mono: successfully reloaded assembly
- Completed reload, in  1.233 seconds
Domain Reload Profiling:
	ReloadAssembly (1234ms)
		BeginReloadAssembly (156ms)
			ExecutionOrderSort (0ms)
			DisableScriptedObjects (5ms)
			BackupInstance (0ms)
			ReleaseScriptingObjects (0ms)
			CreateAndSetChildDomain (49ms)
		EndReloadAssembly (981ms)
			LoadAssemblies (108ms)
			RebuildTransferFunctionScriptingTraits (0ms)
			SetupTypeCache (305ms)
			ReleaseScriptCaches (2ms)
			RebuildScriptCaches (49ms)
			SetupLoadedEditorAssemblies (480ms)
				LogAssemblyErrors (0ms)
				InitializePlatformSupportModulesInManaged (16ms)
				SetLoadedEditorAssemblies (1ms)
				RefreshPlugins (2ms)
				BeforeProcessingInitializeOnLoad (87ms)
				ProcessInitializeOnLoadAttributes (291ms)
				ProcessInitializeOnLoadMethodAttributes (71ms)
				AfterProcessingInitializeOnLoad (10ms)
				EditorAssembliesLoaded (0ms)
			ExecutionOrderSort2 (0ms)
			AwakeInstancesAfterBackupRestoration (8ms)
Platform modules already initialized, skipping
Refreshing native plugins compatible for Editor in 8.61 ms, found 7 plugins.
Preloading 0 native plugins for Editor in 0.00 ms.
Unloading 5336 Unused Serialized files (Serialized files now loaded: 0)
Unloading 93 unused Assets / (0.8 MB). Loaded Objects now: 5894.
Memory consumption went from 213.7 MB to 212.8 MB.
Total: 4.185100 ms (FindLiveObjects: 0.479300 ms CreateObjectMapping: 0.157100 ms MarkObjects: 3.112600 ms  DeleteObjects: 0.434700 ms)

AssetImportParameters requested are different than current active one (requested -> active):
  custom:video-decoder-ogg-theora: a1e56fd34408186e4bbccfd4996cb3dc -> 
  custom:container-muxer-webm: aa71ff27fc2769a1b78a27578f13a17b -> 
  custom:container-demuxer-webm: 4f35f7cbe854078d1ac9338744f61a02 -> 
  custom:video-encoder-webm-vp8: eb34c28f22e8b96e1ab97ce403110664 -> 
  custom:video-codec-MediaFoundation-h265: e54d7ab0439102e2317fc1e4b246158d -> 
  custom:audio-encoder-webm-vorbis: bf7c407c2cedff20999df2af8eb42d56 -> 
  custom:framework-win-MediaFoundation: 216162199b28c13a410421893ffa2e32 -> 
  custom:container-demuxer-ogg: 62fdf1f143b41e24485cea50d1cbac27 -> 
  custom:video-decoder-webm-vp8: 9c59270c3fd7afecdb556c50c9e8de78 -> 
  custom:audio-decoder-ogg-vorbis: bf7c407c2cedff20999df2af8eb42d56 -> 
========================================================================
Received Prepare
Registering precompiled user dll's ...
Registered in 0.011569 seconds.
Begin MonoManager ReloadAssembly
Symbol file LoadedFromMemory doesn't match image D:\Unity Projects\Github\GGJ_2023_Roots\GGJ_2023_Roots\Library\PackageCache\com.unity.visualscripting@1.7.8\Editor\VisualScripting.Core\Dependencies\DotNetZip\Unity.VisualScripting.IonicZip.dll
Symbol file LoadedFromMemory doesn't match image D:\Unity Projects\Github\GGJ_2023_Roots\GGJ_2023_Roots\Library\PackageCache\com.unity.visualscripting@1.7.8\Editor\VisualScripting.Core\Dependencies\YamlDotNet\Unity.VisualScripting.YamlDotNet.dll
Native extension for UWP target not found
Native extension for WindowsStandalone target not found
Native extension for WebGL target not found
Refreshing native plugins compatible for Editor in 1.81 ms, found 7 plugins.
Preloading 0 native plugins for Editor in 0.00 ms.
Mono: successfully reloaded assembly
- Completed reload, in  1.251 seconds
Domain Reload Profiling:
	ReloadAssembly (1252ms)
		BeginReloadAssembly (151ms)
			ExecutionOrderSort (0ms)
			DisableScriptedObjects (5ms)
			BackupInstance (0ms)
			ReleaseScriptingObjects (0ms)
			CreateAndSetChildDomain (45ms)
		EndReloadAssembly (1001ms)
			LoadAssemblies (112ms)
			RebuildTransferFunctionScriptingTraits (0ms)
			SetupTypeCache (295ms)
			ReleaseScriptCaches (2ms)
			RebuildScriptCaches (53ms)
			SetupLoadedEditorAssemblies (497ms)
				LogAssemblyErrors (0ms)
				InitializePlatformSupportModulesInManaged (17ms)
				SetLoadedEditorAssemblies (1ms)
				RefreshPlugins (2ms)
				BeforeProcessingInitializeOnLoad (90ms)
				ProcessInitializeOnLoadAttributes (302ms)
				ProcessInitializeOnLoadMethodAttributes (75ms)
				AfterProcessingInitializeOnLoad (11ms)
				EditorAssembliesLoaded (0ms)
			ExecutionOrderSort2 (0ms)
			AwakeInstancesAfterBackupRestoration (7ms)
Platform modules already initialized, skipping
Refreshing native plugins compatible for Editor in 9.03 ms, found 7 plugins.
Preloading 0 native plugins for Editor in 0.00 ms.
Unloading 5336 Unused Serialized files (Serialized files now loaded: 0)
Unloading 93 unused Assets / (0.8 MB). Loaded Objects now: 5909.
Memory consumption went from 213.7 MB to 212.8 MB.
Total: 4.031000 ms (FindLiveObjects: 0.481600 ms CreateObjectMapping: 0.139800 ms MarkObjects: 2.902600 ms  DeleteObjects: 0.505900 ms)

AssetImportParameters requested are different than current active one (requested -> active):
  custom:video-decoder-ogg-theora: a1e56fd34408186e4bbccfd4996cb3dc -> 
  custom:container-muxer-webm: aa71ff27fc2769a1b78a27578f13a17b -> 
  custom:container-demuxer-webm: 4f35f7cbe854078d1ac9338744f61a02 -> 
  custom:video-encoder-webm-vp8: eb34c28f22e8b96e1ab97ce403110664 -> 
  custom:video-codec-MediaFoundation-h265: e54d7ab0439102e2317fc1e4b246158d -> 
  custom:audio-encoder-webm-vorbis: bf7c407c2cedff20999df2af8eb42d56 -> 
  custom:framework-win-MediaFoundation: 216162199b28c13a410421893ffa2e32 -> 
  custom:container-demuxer-ogg: 62fdf1f143b41e24485cea50d1cbac27 -> 
  custom:video-decoder-webm-vp8: 9c59270c3fd7afecdb556c50c9e8de78 -> 
  custom:audio-decoder-ogg-vorbis: bf7c407c2cedff20999df2af8eb42d56 -> 
========================================================================
Received Prepare
Registering precompiled user dll's ...
Registered in 0.010145 seconds.
Begin MonoManager ReloadAssembly
Symbol file LoadedFromMemory doesn't match image D:\Unity Projects\Github\GGJ_2023_Roots\GGJ_2023_Roots\Library\PackageCache\com.unity.visualscripting@1.7.8\Editor\VisualScripting.Core\Dependencies\DotNetZip\Unity.VisualScripting.IonicZip.dll
Symbol file LoadedFromMemory doesn't match image D:\Unity Projects\Github\GGJ_2023_Roots\GGJ_2023_Roots\Library\PackageCache\com.unity.visualscripting@1.7.8\Editor\VisualScripting.Core\Dependencies\YamlDotNet\Unity.VisualScripting.YamlDotNet.dll
Native extension for UWP target not found
Native extension for WindowsStandalone target not found
Native extension for WebGL target not found
Refreshing native plugins compatible for Editor in 1.76 ms, found 7 plugins.
Preloading 0 native plugins for Editor in 0.00 ms.
Mono: successfully reloaded assembly
- Completed reload, in  1.301 seconds
Domain Reload Profiling:
	ReloadAssembly (1302ms)
		BeginReloadAssembly (147ms)
			ExecutionOrderSort (0ms)
			DisableScriptedObjects (5ms)
			BackupInstance (0ms)
			ReleaseScriptingObjects (0ms)
			CreateAndSetChildDomain (44ms)
		EndReloadAssembly (1050ms)
			LoadAssemblies (112ms)
			RebuildTransferFunctionScriptingTraits (0ms)
			SetupTypeCache (324ms)
			ReleaseScriptCaches (2ms)
			RebuildScriptCaches (55ms)
			SetupLoadedEditorAssemblies (510ms)
				LogAssemblyErrors (0ms)
				InitializePlatformSupportModulesInManaged (17ms)
				SetLoadedEditorAssemblies (0ms)
				RefreshPlugins (2ms)
				BeforeProcessingInitializeOnLoad (94ms)
				ProcessInitializeOnLoadAttributes (308ms)
				ProcessInitializeOnLoadMethodAttributes (78ms)
				AfterProcessingInitializeOnLoad (11ms)
				EditorAssembliesLoaded (0ms)
			ExecutionOrderSort2 (0ms)
			AwakeInstancesAfterBackupRestoration (8ms)
Platform modules already initialized, skipping
Refreshing native plugins compatible for Editor in 10.15 ms, found 7 plugins.
Preloading 0 native plugins for Editor in 0.00 ms.
Unloading 5336 Unused Serialized files (Serialized files now loaded: 0)
Unloading 93 unused Assets / (0.8 MB). Loaded Objects now: 5924.
Memory consumption went from 213.7 MB to 212.9 MB.
Total: 3.959000 ms (FindLiveObjects: 0.510300 ms CreateObjectMapping: 0.147400 ms MarkObjects: 2.804600 ms  DeleteObjects: 0.494900 ms)

AssetImportParameters requested are different than current active one (requested -> active):
  custom:video-decoder-ogg-theora: a1e56fd34408186e4bbccfd4996cb3dc -> 
  custom:container-muxer-webm: aa71ff27fc2769a1b78a27578f13a17b -> 
  custom:container-demuxer-webm: 4f35f7cbe854078d1ac9338744f61a02 -> 
  custom:video-encoder-webm-vp8: eb34c28f22e8b96e1ab97ce403110664 -> 
  custom:video-codec-MediaFoundation-h265: e54d7ab0439102e2317fc1e4b246158d -> 
  custom:audio-encoder-webm-vorbis: bf7c407c2cedff20999df2af8eb42d56 -> 
  custom:framework-win-MediaFoundation: 216162199b28c13a410421893ffa2e32 -> 
  custom:container-demuxer-ogg: 62fdf1f143b41e24485cea50d1cbac27 -> 
  custom:video-decoder-webm-vp8: 9c59270c3fd7afecdb556c50c9e8de78 -> 
  custom:audio-decoder-ogg-vorbis: bf7c407c2cedff20999df2af8eb42d56 -> 
========================================================================
Received Prepare
Registering precompiled user dll's ...
Registered in 0.011003 seconds.
Begin MonoManager ReloadAssembly
Symbol file LoadedFromMemory doesn't match image D:\Unity Projects\Github\GGJ_2023_Roots\GGJ_2023_Roots\Library\PackageCache\com.unity.visualscripting@1.7.8\Editor\VisualScripting.Core\Dependencies\DotNetZip\Unity.VisualScripting.IonicZip.dll
Symbol file LoadedFromMemory doesn't match image D:\Unity Projects\Github\GGJ_2023_Roots\GGJ_2023_Roots\Library\PackageCache\com.unity.visualscripting@1.7.8\Editor\VisualScripting.Core\Dependencies\YamlDotNet\Unity.VisualScripting.YamlDotNet.dll
Native extension for UWP target not found
Native extension for WindowsStandalone target not found
Native extension for WebGL target not found
Refreshing native plugins compatible for Editor in 1.74 ms, found 7 plugins.
Preloading 0 native plugins for Editor in 0.00 ms.
Mono: successfully reloaded assembly
- Completed reload, in  1.325 seconds
Domain Reload Profiling:
	ReloadAssembly (1326ms)
		BeginReloadAssembly (156ms)
			ExecutionOrderSort (0ms)
			DisableScriptedObjects (5ms)
			BackupInstance (0ms)
			ReleaseScriptingObjects (0ms)
			CreateAndSetChildDomain (48ms)
		EndReloadAssembly (1059ms)
			LoadAssemblies (122ms)
			RebuildTransferFunctionScriptingTraits (0ms)
			SetupTypeCache (336ms)
			ReleaseScriptCaches (2ms)
			RebuildScriptCaches (50ms)
			SetupLoadedEditorAssemblies (501ms)
				LogAssemblyErrors (0ms)
				InitializePlatformSupportModulesInManaged (16ms)
				SetLoadedEditorAssemblies (0ms)
				RefreshPlugins (2ms)
				BeforeProcessingInitializeOnLoad (89ms)
				ProcessInitializeOnLoadAttributes (302ms)
				ProcessInitializeOnLoadMethodAttributes (80ms)
				AfterProcessingInitializeOnLoad (12ms)
				EditorAssembliesLoaded (0ms)
			ExecutionOrderSort2 (0ms)
			AwakeInstancesAfterBackupRestoration (11ms)
Platform modules already initialized, skipping
Refreshing native plugins compatible for Editor in 9.94 ms, found 7 plugins.
Preloading 0 native plugins for Editor in 0.00 ms.
Unloading 5336 Unused Serialized files (Serialized files now loaded: 0)
Unloading 93 unused Assets / (0.8 MB). Loaded Objects now: 5939.
Memory consumption went from 213.7 MB to 212.9 MB.
Total: 4.344400 ms (FindLiveObjects: 0.536200 ms CreateObjectMapping: 0.142900 ms MarkObjects: 3.216600 ms  DeleteObjects: 0.447700 ms)

AssetImportParameters requested are different than current active one (requested -> active):
  custom:video-decoder-ogg-theora: a1e56fd34408186e4bbccfd4996cb3dc -> 
  custom:container-muxer-webm: aa71ff27fc2769a1b78a27578f13a17b -> 
  custom:container-demuxer-webm: 4f35f7cbe854078d1ac9338744f61a02 -> 
  custom:video-encoder-webm-vp8: eb34c28f22e8b96e1ab97ce403110664 -> 
  custom:video-codec-MediaFoundation-h265: e54d7ab0439102e2317fc1e4b246158d -> 
  custom:audio-encoder-webm-vorbis: bf7c407c2cedff20999df2af8eb42d56 -> 
  custom:framework-win-MediaFoundation: 216162199b28c13a410421893ffa2e32 -> 
  custom:container-demuxer-ogg: 62fdf1f143b41e24485cea50d1cbac27 -> 
  custom:video-decoder-webm-vp8: 9c59270c3fd7afecdb556c50c9e8de78 -> 
  custom:audio-decoder-ogg-vorbis: bf7c407c2cedff20999df2af8eb42d56 -> 
========================================================================
Received Import Request.
  Time since last request: 719.340524 seconds.
  path: Assets/Scenes/SongStage.unity
  artifactKey: Guid(9fc0d4010bbf28b4594072e72b8655ab) Importer(815301076,1909f56bfc062723c751e8b465ee728b)
Start importing Assets/Scenes/SongStage.unity using Guid(9fc0d4010bbf28b4594072e72b8655ab) Importer(815301076,1909f56bfc062723c751e8b465ee728b)  -> (artifact id: '36d1091533c2c9fd94d38600e2535eca') in 0.010913 seconds 
========================================================================
Received Import Request.
  Time since last request: 171.178497 seconds.
  path: Assets/Meshes/Environment/Alphas/CrowdAlpha.bmp
  artifactKey: Guid(596b3b3fe94c3b941b4165a9223996c9) Importer(815301076,1909f56bfc062723c751e8b465ee728b)
Start importing Assets/Meshes/Environment/Alphas/CrowdAlpha.bmp using Guid(596b3b3fe94c3b941b4165a9223996c9) Importer(815301076,1909f56bfc062723c751e8b465ee728b)  -> (artifact id: '5f38bd0e9b0a94c1a6245e400bfd236a') in 0.105457 seconds 
========================================================================
Received Import Request.
  Time since last request: 92.196753 seconds.
  path: Assets/Meshes/Environment/Crowd 1.mat
  artifactKey: Guid(98ee550ea5132344184972127d3474ab) Importer(815301076,1909f56bfc062723c751e8b465ee728b)
Start importing Assets/Meshes/Environment/Crowd 1.mat using Guid(98ee550ea5132344184972127d3474ab) Importer(815301076,1909f56bfc062723c751e8b465ee728b)  -> (artifact id: '377885121095c70ac6cd1c8fbec59845') in 0.458573 seconds 
========================================================================
Received Import Request.
  Time since last request: 0.000030 seconds.
  path: Assets/Meshes/Environment/EnvMeshes.fbx
  artifactKey: Guid(b7e5cad7fac77e241b96852665b4a321) Importer(815301076,1909f56bfc062723c751e8b465ee728b)
Start importing Assets/Meshes/Environment/EnvMeshes.fbx using Guid(b7e5cad7fac77e241b96852665b4a321) Importer(815301076,1909f56bfc062723c751e8b465ee728b)  -> (artifact id: '4217542e01fd392aec267721c328cb80') in 0.172587 seconds 
========================================================================
Received Import Request.
  Time since last request: 53.944166 seconds.
  path: Assets/Meshes/Environment/Textures/background_Crowd_Normal.png
  artifactKey: Guid(80794a1c8c23a45479e060263ffd5e05) Importer(815301076,1909f56bfc062723c751e8b465ee728b)
Start importing Assets/Meshes/Environment/Textures/background_Crowd_Normal.png using Guid(80794a1c8c23a45479e060263ffd5e05) Importer(815301076,1909f56bfc062723c751e8b465ee728b)  -> (artifact id: '13de4dd30ac8f28f22e92ec0f1022c6a') in 0.021178 seconds 
========================================================================
Received Import Request.
  Time since last request: 4.021592 seconds.
  path: Assets/Meshes/Environment/Crowd.mat
  artifactKey: Guid(e964f5d70e36a0e4f88d77c50ae5cd24) Importer(815301076,1909f56bfc062723c751e8b465ee728b)
Start importing Assets/Meshes/Environment/Crowd.mat using Guid(e964f5d70e36a0e4f88d77c50ae5cd24) Importer(815301076,1909f56bfc062723c751e8b465ee728b)  -> (artifact id: '2223fa2a627a7dabfb8224990ff67294') in 0.026428 seconds 
========================================================================
Received Import Request.
  Time since last request: 132.702895 seconds.
  path: Assets/Meshes/Environment/Crowd 1.mat
  artifactKey: Guid(98ee550ea5132344184972127d3474ab) Importer(815301076,1909f56bfc062723c751e8b465ee728b)
Start importing Assets/Meshes/Environment/Crowd 1.mat using Guid(98ee550ea5132344184972127d3474ab) Importer(815301076,1909f56bfc062723c751e8b465ee728b)  -> (artifact id: '9c858a1f8e0b0a70cb998f25b7e7688f') in 1.155153 seconds 
========================================================================
Received Import Request.
  Time since last request: 14.880165 seconds.
  path: Assets/Meshes/Environment/Floor_Mat.mat
  artifactKey: Guid(432c2fc43770e0b44ac113c8875da2c4) Importer(815301076,1909f56bfc062723c751e8b465ee728b)
Start importing Assets/Meshes/Environment/Floor_Mat.mat using Guid(432c2fc43770e0b44ac113c8875da2c4) Importer(815301076,1909f56bfc062723c751e8b465ee728b)  -> (artifact id: '9a363a3624dc326452d72a06bf7085ea') in 0.017100 seconds 
========================================================================
Received Import Request.
  Time since last request: 34.919008 seconds.
  path: Assets/Meshes/Environment/Textures/background_Floor_Normal.png
  artifactKey: Guid(65ff86102ccc1cd419aa08e96ab85b14) Importer(815301076,1909f56bfc062723c751e8b465ee728b)
Start importing Assets/Meshes/Environment/Textures/background_Floor_Normal.png using Guid(65ff86102ccc1cd419aa08e96ab85b14) Importer(815301076,1909f56bfc062723c751e8b465ee728b)  -> (artifact id: '062d06513dc0b7e9d3c345e15d99a1e9') in 0.017193 seconds 
========================================================================
Received Import Request.
  Time since last request: 9.835617 seconds.
  path: Assets/Meshes/Environment/EnvMeshes.fbx
  artifactKey: Guid(b7e5cad7fac77e241b96852665b4a321) Importer(815301076,1909f56bfc062723c751e8b465ee728b)
Start importing Assets/Meshes/Environment/EnvMeshes.fbx using Guid(b7e5cad7fac77e241b96852665b4a321) Importer(815301076,1909f56bfc062723c751e8b465ee728b)  -> (artifact id: '4719f43b09027d1ee0fcaa596b39d593') in 0.106645 seconds 
========================================================================
Received Import Request.
  Time since last request: 15.476981 seconds.
  path: Assets/Meshes/Environment/Floor_Mat.mat
  artifactKey: Guid(432c2fc43770e0b44ac113c8875da2c4) Importer(815301076,1909f56bfc062723c751e8b465ee728b)
Start importing Assets/Meshes/Environment/Floor_Mat.mat using Guid(432c2fc43770e0b44ac113c8875da2c4) Importer(815301076,1909f56bfc062723c751e8b465ee728b)  -> (artifact id: '0e003ed858ff33d33a84b0bd509d9d19') in 1.046479 seconds 
========================================================================
Received Import Request.
  Time since last request: 19.291797 seconds.
  path: Assets/Meshes/Environment/Textures/background_Wall_Normal.png
  artifactKey: Guid(06127a6377076e5468c19e631991ef87) Importer(815301076,1909f56bfc062723c751e8b465ee728b)
Start importing Assets/Meshes/Environment/Textures/background_Wall_Normal.png using Guid(06127a6377076e5468c19e631991ef87) Importer(815301076,1909f56bfc062723c751e8b465ee728b)  -> (artifact id: '59d528c555a96a5485b561b451e468af') in 0.017001 seconds 
========================================================================
Received Import Request.
  Time since last request: 44.586955 seconds.
  path: Assets/Meshes/Environment/EnvMeshes.fbx
  artifactKey: Guid(b7e5cad7fac77e241b96852665b4a321) Importer(815301076,1909f56bfc062723c751e8b465ee728b)
Start importing Assets/Meshes/Environment/EnvMeshes.fbx using Guid(b7e5cad7fac77e241b96852665b4a321) Importer(815301076,1909f56bfc062723c751e8b465ee728b)  -> (artifact id: '8e67fb5c534b00d000caff317e4f2871') in 0.103204 seconds 
========================================================================
Received Import Request.
  Time since last request: 431.954914 seconds.
  path: Assets/CharacterMeshes/Anna/AnnaAnims/Anna_Mat.mat
  artifactKey: Guid(0f8f2816332fc19498391ebbe08f72bb) Importer(815301076,1909f56bfc062723c751e8b465ee728b)
Start importing Assets/CharacterMeshes/Anna/AnnaAnims/Anna_Mat.mat using Guid(0f8f2816332fc19498391ebbe08f72bb) Importer(815301076,1909f56bfc062723c751e8b465ee728b)  -> (artifact id: 'f3bf3ba0efa85aad07fe08e187748cf3') in 0.017175 seconds 
========================================================================
Received Import Request.
  Time since last request: 8.969116 seconds.
  path: Assets/CharacterMeshes/Anna/AnnaAnims/Bass_Mat.mat
  artifactKey: Guid(79a5a0d8fc9c46f4998c5198d19f565a) Importer(815301076,1909f56bfc062723c751e8b465ee728b)
Start importing Assets/CharacterMeshes/Anna/AnnaAnims/Bass_Mat.mat using Guid(79a5a0d8fc9c46f4998c5198d19f565a) Importer(815301076,1909f56bfc062723c751e8b465ee728b)  -> (artifact id: '4bb0cce88a30788a84a18dfdc0667246') in 0.015968 seconds 
========================================================================
Received Import Request.
  Time since last request: 16.788217 seconds.
  path: Assets/CharacterMeshes/Anna/AnnaTextures/AnnaPaint_Anna_Normal.png
  artifactKey: Guid(eacd3cae96dae1840ab3976f9b8d9d06) Importer(815301076,1909f56bfc062723c751e8b465ee728b)
Start importing Assets/CharacterMeshes/Anna/AnnaTextures/AnnaPaint_Anna_Normal.png using Guid(eacd3cae96dae1840ab3976f9b8d9d06) Importer(815301076,1909f56bfc062723c751e8b465ee728b)  -> (artifact id: '02423efcb9bae58338667525cb7252eb') in 0.016394 seconds 
========================================================================
Received Import Request.
  Time since last request: 46.432506 seconds.
  path: Assets/CharacterMeshes/Dave/DaveTextures/DavePaint_drums_AlbedoTransparency.png
  artifactKey: Guid(f44f9675fca14854b9fa995813dc335e) Importer(815301076,1909f56bfc062723c751e8b465ee728b)
Start importing Assets/CharacterMeshes/Dave/DaveTextures/DavePaint_drums_AlbedoTransparency.png using Guid(f44f9675fca14854b9fa995813dc335e) Importer(815301076,1909f56bfc062723c751e8b465ee728b)  -> (artifact id: '03d45e2255a1faedfae6041707f6ad50') in 0.047807 seconds 
========================================================================
Received Import Request.
  Time since last request: 0.000028 seconds.
  path: Assets/CharacterMeshes/Dave/DaveTextures/DavePaint_drums_Normal.png
  artifactKey: Guid(9bb3fafa2cf434b4e910ad555b960447) Importer(815301076,1909f56bfc062723c751e8b465ee728b)
Start importing Assets/CharacterMeshes/Dave/DaveTextures/DavePaint_drums_Normal.png using Guid(9bb3fafa2cf434b4e910ad555b960447) Importer(815301076,1909f56bfc062723c751e8b465ee728b)  -> (artifact id: 'ca53d69ae3f0ab2c4b3a41c07b74a185') in 0.017406 seconds 
========================================================================
Received Import Request.
  Time since last request: 1.711825 seconds.
  path: Assets/CharacterMeshes/Anna/AnnaAnims/Anna.fbx
  artifactKey: Guid(b9c85ec3fdb7a604b94c5cdff1761826) Importer(815301076,1909f56bfc062723c751e8b465ee728b)
Start importing Assets/CharacterMeshes/Anna/AnnaAnims/Anna.fbx using Guid(b9c85ec3fdb7a604b94c5cdff1761826) Importer(815301076,1909f56bfc062723c751e8b465ee728b)  -> (artifact id: '8cd04b494e6cd275504c571522f00fbf') in 0.092851 seconds 
========================================================================
Received Import Request.
  Time since last request: 1.365350 seconds.
  path: Assets/CharacterMeshes/Anna/AnnaTextures
  artifactKey: Guid(056be9a6002a6a646ba71f242588017d) Importer(815301076,1909f56bfc062723c751e8b465ee728b)
Start importing Assets/CharacterMeshes/Anna/AnnaTextures using Guid(056be9a6002a6a646ba71f242588017d) Importer(815301076,1909f56bfc062723c751e8b465ee728b)  -> (artifact id: 'd55f84ea412ba2ac2e1c42762d18a599') in 0.007187 seconds 
========================================================================
Received Import Request.
  Time since last request: 22.259982 seconds.
  path: Assets/CharacterMeshes/Anna/AnnaTextures/AnnaPaint_bass_Normal.png
  artifactKey: Guid(91490d2c8527d0d4ab04fc5d3ee221ab) Importer(815301076,1909f56bfc062723c751e8b465ee728b)
Start importing Assets/CharacterMeshes/Anna/AnnaTextures/AnnaPaint_bass_Normal.png using Guid(91490d2c8527d0d4ab04fc5d3ee221ab) Importer(815301076,1909f56bfc062723c751e8b465ee728b)  -> (artifact id: 'b54c31b0811b011022c2cd9506fd9b91') in 0.016516 seconds 
========================================================================
Received Import Request.
  Time since last request: 18.686556 seconds.
  path: Assets/CharacterMeshes/Chris/ChrisAnims/ChrisGuitarAnim.fbx
  artifactKey: Guid(c3b8b11d75f1e434684d5184981bb1e0) Importer(815301076,1909f56bfc062723c751e8b465ee728b)
Start importing Assets/CharacterMeshes/Chris/ChrisAnims/ChrisGuitarAnim.fbx using Guid(c3b8b11d75f1e434684d5184981bb1e0) Importer(815301076,1909f56bfc062723c751e8b465ee728b)  -> (artifact id: '5138172432621e8557f82e1d70a57149') in 0.237101 seconds 
========================================================================
Received Import Request.
  Time since last request: 1.574695 seconds.
  path: Assets/CharacterMeshes/Chris/ChrisAnims
  artifactKey: Guid(c4581751e48c9ee438f7fefe05485a03) Importer(815301076,1909f56bfc062723c751e8b465ee728b)
Start importing Assets/CharacterMeshes/Chris/ChrisAnims using Guid(c4581751e48c9ee438f7fefe05485a03) Importer(815301076,1909f56bfc062723c751e8b465ee728b)  -> (artifact id: 'e017948294031c53639df387dff671ab') in 0.027443 seconds 
========================================================================
Received Import Request.
  Time since last request: 7.038523 seconds.
  path: Assets/CharacterMeshes/Chris/ChrisAnims/Chris_Mat.mat
  artifactKey: Guid(64850143d83d64548a49deb2fe75ba57) Importer(815301076,1909f56bfc062723c751e8b465ee728b)
Start importing Assets/CharacterMeshes/Chris/ChrisAnims/Chris_Mat.mat using Guid(64850143d83d64548a49deb2fe75ba57) Importer(815301076,1909f56bfc062723c751e8b465ee728b)  -> (artifact id: '50065d5c72b87220d09d887ee23077ff') in 0.014979 seconds 
========================================================================
Received Import Request.
  Time since last request: 8.351759 seconds.
  path: Assets/CharacterMeshes/Chris/ChrisAnims/Guitar_Mat.mat
  artifactKey: Guid(95c9aa1ceaeba004d81eb4c33885c57f) Importer(815301076,1909f56bfc062723c751e8b465ee728b)
Start importing Assets/CharacterMeshes/Chris/ChrisAnims/Guitar_Mat.mat using Guid(95c9aa1ceaeba004d81eb4c33885c57f) Importer(815301076,1909f56bfc062723c751e8b465ee728b)  -> (artifact id: 'b5a2282d7069323738953036efeb1d2b') in 0.014479 seconds 
========================================================================
Received Import Request.
  Time since last request: 11.641222 seconds.
  path: Assets/CharacterMeshes/Chris/ChrisTextures/ChrisPaint_Chris_Normal.png
  artifactKey: Guid(c39161a8d53783243886bf11d6dfd3b0) Importer(815301076,1909f56bfc062723c751e8b465ee728b)
Start importing Assets/CharacterMeshes/Chris/ChrisTextures/ChrisPaint_Chris_Normal.png using Guid(c39161a8d53783243886bf11d6dfd3b0) Importer(815301076,1909f56bfc062723c751e8b465ee728b)  -> (artifact id: 'ed3ce568f9f8635e3d24c9cc8d265b7f') in 0.016380 seconds 
========================================================================
Received Import Request.
  Time since last request: 5.797141 seconds.
  path: Assets/CharacterMeshes/Chris/ChrisAnims/Chris.mat
  artifactKey: Guid(29b8f7baffa94a94ab988e1848f86e08) Importer(815301076,1909f56bfc062723c751e8b465ee728b)
Start importing Assets/CharacterMeshes/Chris/ChrisAnims/Chris.mat using Guid(29b8f7baffa94a94ab988e1848f86e08) Importer(815301076,1909f56bfc062723c751e8b465ee728b)  -> (artifact id: 'a348a9bc00d88b9cea6882a054313c32') in 0.024681 seconds 
========================================================================
Received Import Request.
  Time since last request: 20.399200 seconds.
  path: Assets/CharacterMeshes/Chris/ChrisTextures/ChrisPaint_guitar_Normal.png
  artifactKey: Guid(cf9f49fbd60a888498c295cca670583f) Importer(815301076,1909f56bfc062723c751e8b465ee728b)
Start importing Assets/CharacterMeshes/Chris/ChrisTextures/ChrisPaint_guitar_Normal.png using Guid(cf9f49fbd60a888498c295cca670583f) Importer(815301076,1909f56bfc062723c751e8b465ee728b)  -> (artifact id: '8dbc57df6c72254986f89ccc5b48f187') in 0.016036 seconds 
========================================================================
Received Import Request.
  Time since last request: 14.991024 seconds.
  path: Assets/CharacterMeshes/Dave/DaveAnims
  artifactKey: Guid(c3dd57998f5a15e4ab06a70d9134ebdd) Importer(815301076,1909f56bfc062723c751e8b465ee728b)
Start importing Assets/CharacterMeshes/Dave/DaveAnims using Guid(c3dd57998f5a15e4ab06a70d9134ebdd) Importer(815301076,1909f56bfc062723c751e8b465ee728b)  -> (artifact id: '3eae08930ddfbabe71ba4badfe1f2283') in 0.006865 seconds 
========================================================================
Received Import Request.
  Time since last request: 8.450253 seconds.
  path: Assets/CharacterMeshes/Dave/DaveAnims/Dave_Mat.mat
  artifactKey: Guid(07de6a1c4a347b546a03f3a3f0e54748) Importer(815301076,1909f56bfc062723c751e8b465ee728b)
Start importing Assets/CharacterMeshes/Dave/DaveAnims/Dave_Mat.mat using Guid(07de6a1c4a347b546a03f3a3f0e54748) Importer(815301076,1909f56bfc062723c751e8b465ee728b)  -> (artifact id: '1c313ffe0c08aae90efa6aa83394f1a5') in 0.015235 seconds 
========================================================================
Received Import Request.
  Time since last request: 8.831980 seconds.
  path: Assets/CharacterMeshes/Dave/DaveAnims/Bass_Mat.mat
  artifactKey: Guid(150919abfc008d847a502e46bd9c3b1b) Importer(815301076,1909f56bfc062723c751e8b465ee728b)
Start importing Assets/CharacterMeshes/Dave/DaveAnims/Bass_Mat.mat using Guid(150919abfc008d847a502e46bd9c3b1b) Importer(815301076,1909f56bfc062723c751e8b465ee728b)  -> (artifact id: '39e861eabc568ec443951f0f1bb0fe55') in 0.012743 seconds 
========================================================================
Received Import Request.
  Time since last request: 24.555923 seconds.
  path: Assets/CharacterMeshes/Dave/DaveTextures/DavePaint_Dave_Normal.png
  artifactKey: Guid(eda42b705814a2247be385a45320dda2) Importer(815301076,1909f56bfc062723c751e8b465ee728b)
Start importing Assets/CharacterMeshes/Dave/DaveTextures/DavePaint_Dave_Normal.png using Guid(eda42b705814a2247be385a45320dda2) Importer(815301076,1909f56bfc062723c751e8b465ee728b)  -> (artifact id: 'c0f6549bf6f25cab81f28814ef1d270f') in 0.017299 seconds 
========================================================================
Received Import Request.
  Time since last request: 1.030735 seconds.
  path: Assets/CharacterMeshes/Dave/DaveAnims/Dave.mat
  artifactKey: Guid(1d103603bd8683449b5e026e645ff438) Importer(815301076,1909f56bfc062723c751e8b465ee728b)
Start importing Assets/CharacterMeshes/Dave/DaveAnims/Dave.mat using Guid(1d103603bd8683449b5e026e645ff438) Importer(815301076,1909f56bfc062723c751e8b465ee728b)  -> (artifact id: '758313d99ff13a1f638440837e41f6c6') in 0.026441 seconds 
========================================================================
Received Import Request.
  Time since last request: 23.612762 seconds.
  path: Assets/CharacterMeshes/Dave/DaveAnims/Drums_Mat.mat
  artifactKey: Guid(150919abfc008d847a502e46bd9c3b1b) Importer(815301076,1909f56bfc062723c751e8b465ee728b)
Start importing Assets/CharacterMeshes/Dave/DaveAnims/Drums_Mat.mat using Guid(150919abfc008d847a502e46bd9c3b1b) Importer(815301076,1909f56bfc062723c751e8b465ee728b)  -> (artifact id: 'a9160080cb5c5e128a6a3edaaac465ab') in 0.016057 seconds 
========================================================================
Received Import Request.
  Time since last request: 13.019023 seconds.
  path: Assets/CharacterMeshes/Dave/DaveTextures/DavePaint_drums_Normal.png
  artifactKey: Guid(9bb3fafa2cf434b4e910ad555b960447) Importer(815301076,1909f56bfc062723c751e8b465ee728b)
Start importing Assets/CharacterMeshes/Dave/DaveTextures/DavePaint_drums_Normal.png using Guid(9bb3fafa2cf434b4e910ad555b960447) Importer(815301076,1909f56bfc062723c751e8b465ee728b)  -> (artifact id: 'ea1e3cdb211268c5075b6ce941587dcd') in 0.014798 seconds 
========================================================================
Received Import Request.
  Time since last request: 34.936654 seconds.
  path: Assets/CharacterMeshes/Anna/AnnaAnims/Anna.fbx
  artifactKey: Guid(b9c85ec3fdb7a604b94c5cdff1761826) Importer(815301076,1909f56bfc062723c751e8b465ee728b)
Start importing Assets/CharacterMeshes/Anna/AnnaAnims/Anna.fbx using Guid(b9c85ec3fdb7a604b94c5cdff1761826) Importer(815301076,1909f56bfc062723c751e8b465ee728b)  -> (artifact id: 'ad7b773a214846ca478a2a463cd88713') in 0.064752 seconds 
========================================================================
Received Import Request.
  Time since last request: 0.000030 seconds.
  path: Assets/CharacterMeshes/Anna/AnnaAnims/Bass_Mat.mat
  artifactKey: Guid(79a5a0d8fc9c46f4998c5198d19f565a) Importer(815301076,1909f56bfc062723c751e8b465ee728b)
Start importing Assets/CharacterMeshes/Anna/AnnaAnims/Bass_Mat.mat using Guid(79a5a0d8fc9c46f4998c5198d19f565a) Importer(815301076,1909f56bfc062723c751e8b465ee728b)  -> (artifact id: '9986c49890839b6d1b663bee505772df') in 0.024537 seconds 
========================================================================
Received Import Request.
  Time since last request: 0.000039 seconds.
  path: Assets/CharacterMeshes/Anna/AnnaAnims/bass.mat
  artifactKey: Guid(c64a9cf10e3a0c041a76413fe5909b0c) Importer(815301076,1909f56bfc062723c751e8b465ee728b)
Start importing Assets/CharacterMeshes/Anna/AnnaAnims/bass.mat using Guid(c64a9cf10e3a0c041a76413fe5909b0c) Importer(815301076,1909f56bfc062723c751e8b465ee728b)  -> (artifact id: 'a90daf9dcb490f7b96083523fa8fe15e') in 0.026953 seconds 
========================================================================
Received Import Request.
  Time since last request: 18.961654 seconds.
  path: Assets/CharacterMeshes/Anna/AnnaAnims/Anna.fbx
  artifactKey: Guid(b9c85ec3fdb7a604b94c5cdff1761826) Importer(815301076,1909f56bfc062723c751e8b465ee728b)
Start importing Assets/CharacterMeshes/Anna/AnnaAnims/Anna.fbx using Guid(b9c85ec3fdb7a604b94c5cdff1761826) Importer(815301076,1909f56bfc062723c751e8b465ee728b)  -> (artifact id: '05ad9e1bf51e0ba42e3d60f5673e8127') in 0.068751 seconds 
========================================================================
Received Import Request.
  Time since last request: 14.400437 seconds.
  path: Assets/CharacterMeshes/Anna/AnnaAnims/Anna.fbx
  artifactKey: Guid(b9c85ec3fdb7a604b94c5cdff1761826) Importer(815301076,1909f56bfc062723c751e8b465ee728b)
Start importing Assets/CharacterMeshes/Anna/AnnaAnims/Anna.fbx using Guid(b9c85ec3fdb7a604b94c5cdff1761826) Importer(815301076,1909f56bfc062723c751e8b465ee728b)  -> (artifact id: '0f6f99d55db11bc6965637ea599f3e80') in 0.067111 seconds 
========================================================================
Received Import Request.
  Time since last request: 4.813263 seconds.
  path: Assets/CharacterMeshes/Chris/ChrisAnims/Chris_Mat.mat
  artifactKey: Guid(64850143d83d64548a49deb2fe75ba57) Importer(815301076,1909f56bfc062723c751e8b465ee728b)
Start importing Assets/CharacterMeshes/Chris/ChrisAnims/Chris_Mat.mat using Guid(64850143d83d64548a49deb2fe75ba57) Importer(815301076,1909f56bfc062723c751e8b465ee728b)  -> (artifact id: '939dec4fe1a5495ed5bbfc0821ed8e0a') in 0.025245 seconds 
========================================================================
Received Import Request.
  Time since last request: 0.000036 seconds.
  path: Assets/CharacterMeshes/Chris/ChrisAnims/Guitar_Mat.mat
  artifactKey: Guid(95c9aa1ceaeba004d81eb4c33885c57f) Importer(815301076,1909f56bfc062723c751e8b465ee728b)
Start importing Assets/CharacterMeshes/Chris/ChrisAnims/Guitar_Mat.mat using Guid(95c9aa1ceaeba004d81eb4c33885c57f) Importer(815301076,1909f56bfc062723c751e8b465ee728b)  -> (artifact id: '856aa5bb9ad1dbe8337694a391fff3dc') in 0.023067 seconds 
========================================================================
Received Import Request.
  Time since last request: 21.374729 seconds.
  path: Assets/CharacterMeshes/Chris/ChrisAnims/ChrisGuitarAnim.fbx
  artifactKey: Guid(c3b8b11d75f1e434684d5184981bb1e0) Importer(815301076,1909f56bfc062723c751e8b465ee728b)
Start importing Assets/CharacterMeshes/Chris/ChrisAnims/ChrisGuitarAnim.fbx using Guid(c3b8b11d75f1e434684d5184981bb1e0) Importer(815301076,1909f56bfc062723c751e8b465ee728b)  -> (artifact id: '415cf0332ea92e7ae94f68bafc09e6bb') in 0.061623 seconds 
========================================================================
Received Import Request.
  Time since last request: 1.090235 seconds.
  path: Assets/TextMesh Pro/Resources/Fonts & Materials/LiberationSans SDF - Drop Shadow.mat
  artifactKey: Guid(e73a58f6e2794ae7b1b7e50b7fb811b0) Importer(815301076,1909f56bfc062723c751e8b465ee728b)
Start importing Assets/TextMesh Pro/Resources/Fonts & Materials/LiberationSans SDF - Drop Shadow.mat using Guid(e73a58f6e2794ae7b1b7e50b7fb811b0) Importer(815301076,1909f56bfc062723c751e8b465ee728b)  -> (artifact id: '990a1ea55aeeea397424636664891d1b') in 0.265248 seconds 
========================================================================
Received Import Request.
  Time since last request: 3.110844 seconds.
  path: Assets/CharacterMeshes/Chris/ChrisAnims/ChrisGuitarAnim.fbx
  artifactKey: Guid(c3b8b11d75f1e434684d5184981bb1e0) Importer(815301076,1909f56bfc062723c751e8b465ee728b)
Start importing Assets/CharacterMeshes/Chris/ChrisAnims/ChrisGuitarAnim.fbx using Guid(c3b8b11d75f1e434684d5184981bb1e0) Importer(815301076,1909f56bfc062723c751e8b465ee728b)  -> (artifact id: 'c1eebc9b441455bf09d502d8dc0809f8') in 0.062175 seconds 
========================================================================
Received Import Request.
  Time since last request: 4.460408 seconds.
  path: Assets/CharacterMeshes/Dave/DaveAnims/Dave_Mat.mat
  artifactKey: Guid(07de6a1c4a347b546a03f3a3f0e54748) Importer(815301076,1909f56bfc062723c751e8b465ee728b)
Start importing Assets/CharacterMeshes/Dave/DaveAnims/Dave_Mat.mat using Guid(07de6a1c4a347b546a03f3a3f0e54748) Importer(815301076,1909f56bfc062723c751e8b465ee728b)  -> (artifact id: 'e3a1c87323b68c74e43cf87f5072059d') in 0.025432 seconds 
========================================================================
Received Import Request.
  Time since last request: 0.000030 seconds.
  path: Assets/CharacterMeshes/Dave/DaveAnims/drums.mat
  artifactKey: Guid(07f4874abcc8575488d7b11dfe28a341) Importer(815301076,1909f56bfc062723c751e8b465ee728b)
Start importing Assets/CharacterMeshes/Dave/DaveAnims/drums.mat using Guid(07f4874abcc8575488d7b11dfe28a341) Importer(815301076,1909f56bfc062723c751e8b465ee728b)  -> (artifact id: '1cc13a04ae6e851fb6f09d1a5ac99502') in 0.020475 seconds 
========================================================================
Received Import Request.
  Time since last request: 6.388351 seconds.
  path: Assets/Meshes/Environment/Floor_Mat.mat
  artifactKey: Guid(432c2fc43770e0b44ac113c8875da2c4) Importer(815301076,1909f56bfc062723c751e8b465ee728b)
Start importing Assets/Meshes/Environment/Floor_Mat.mat using Guid(432c2fc43770e0b44ac113c8875da2c4) Importer(815301076,1909f56bfc062723c751e8b465ee728b)  -> (artifact id: '6d6327878ef56d6d946b962842012fc2') in 1.052356 seconds 
========================================================================
Received Import Request.
  Time since last request: 1.927237 seconds.
  path: Assets/CharacterMeshes/Dave/DaveAnims/DaveDrumsAnim.fbx
  artifactKey: Guid(75e37fa666e1cf14488b3620a12ac066) Importer(815301076,1909f56bfc062723c751e8b465ee728b)
Start importing Assets/CharacterMeshes/Dave/DaveAnims/DaveDrumsAnim.fbx using Guid(75e37fa666e1cf14488b3620a12ac066) Importer(815301076,1909f56bfc062723c751e8b465ee728b)  -> (artifact id: '884ddbb0682fda664fff7716970f0caa') in 0.092506 seconds 
========================================================================
Received Import Request.
  Time since last request: 663.210781 seconds.
  path: Assets/UI Assets
  artifactKey: Guid(cf72d75436c63034b964a2159fb83126) Importer(815301076,1909f56bfc062723c751e8b465ee728b)
Start importing Assets/UI Assets using Guid(cf72d75436c63034b964a2159fb83126) Importer(815301076,1909f56bfc062723c751e8b465ee728b)  -> (artifact id: '22becb9ed8e692db5663f7bd10425c8a') in 0.006766 seconds 
========================================================================
Received Import Request.
  Time since last request: 30.380926 seconds.
  path: Assets/UI Assets/Button.png
  artifactKey: Guid(b4f1d13d4889108499cc76dc45872925) Importer(815301076,1909f56bfc062723c751e8b465ee728b)
Start importing Assets/UI Assets/Button.png using Guid(b4f1d13d4889108499cc76dc45872925) Importer(815301076,1909f56bfc062723c751e8b465ee728b)  -> (artifact id: '4dd595e7bb083ad10dba9541ef135cae') in 0.200288 seconds 
========================================================================
Received Import Request.
  Time since last request: 0.000037 seconds.
  path: Assets/UI Assets/PerfectAlpha.png
  artifactKey: Guid(8794d5df9fb63ec499f3108cc753dcfa) Importer(815301076,1909f56bfc062723c751e8b465ee728b)
Start importing Assets/UI Assets/PerfectAlpha.png using Guid(8794d5df9fb63ec499f3108cc753dcfa) Importer(815301076,1909f56bfc062723c751e8b465ee728b)  -> (artifact id: '0b7f0b56352a3087e20553539218ac98') in 0.016489 seconds 
========================================================================
Received Import Request.
  Time since last request: 0.000043 seconds.
  path: Assets/UI Assets/MissAlpha.png
  artifactKey: Guid(2f3794ca4f4f5bd4298afbde2ce74019) Importer(815301076,1909f56bfc062723c751e8b465ee728b)
Start importing Assets/UI Assets/MissAlpha.png using Guid(2f3794ca4f4f5bd4298afbde2ce74019) Importer(815301076,1909f56bfc062723c751e8b465ee728b)  -> (artifact id: '510ec5f06e38952168fa0beaeb74dd06') in 0.016194 seconds 
========================================================================
Received Import Request.
  Time since last request: 0.000039 seconds.
  path: Assets/UI Assets/OK.png
  artifactKey: Guid(d16f965e4aa9acd4591143596865baeb) Importer(815301076,1909f56bfc062723c751e8b465ee728b)
Start importing Assets/UI Assets/OK.png using Guid(d16f965e4aa9acd4591143596865baeb) Importer(815301076,1909f56bfc062723c751e8b465ee728b)  -> (artifact id: 'f4762bbf160d8d3358d2f0f748ecbac6') in 0.017845 seconds 
========================================================================
Received Import Request.
  Time since last request: 0.000034 seconds.
  path: Assets/UI Assets/SongSelectBG.png
  artifactKey: Guid(4ffc95d7d780fa048bb6e8e30c01ca0b) Importer(815301076,1909f56bfc062723c751e8b465ee728b)
Start importing Assets/UI Assets/SongSelectBG.png using Guid(4ffc95d7d780fa048bb6e8e30c01ca0b) Importer(815301076,1909f56bfc062723c751e8b465ee728b)  -> (artifact id: '9e7a7815e876cc63799b03cddafc3894') in 0.019327 seconds 
========================================================================
Received Import Request.
  Time since last request: 0.000032 seconds.
  path: Assets/UI Assets/NiceAlpha.png
  artifactKey: Guid(8f945a505650d2542bb516cdc77e7270) Importer(815301076,1909f56bfc062723c751e8b465ee728b)
Start importing Assets/UI Assets/NiceAlpha.png using Guid(8f945a505650d2542bb516cdc77e7270) Importer(815301076,1909f56bfc062723c751e8b465ee728b)  -> (artifact id: 'cbcffcb203e6ac55e9ee16ea68cc0ae8') in 0.015712 seconds 
========================================================================
Received Import Request.
  Time since last request: 0.000031 seconds.
  path: Assets/UI Assets/Miss.png
  artifactKey: Guid(388c4e5aa5130694e90d1d1ffdbf2a8b) Importer(815301076,1909f56bfc062723c751e8b465ee728b)
Start importing Assets/UI Assets/Miss.png using Guid(388c4e5aa5130694e90d1d1ffdbf2a8b) Importer(815301076,1909f56bfc062723c751e8b465ee728b)  -> (artifact id: 'ecb4c522e7860f053443813c7307697a') in 0.017260 seconds 
Editor requested this worker to shutdown with reason: Scaling down because of idle timeout
AssetImportWorker is now disconnected from the server
Process exiting
Exiting without the bug reporter. Application will terminate with return code 0