Using pre-set license
Built from '2021.3/staging' branch; Version is '2021.3.11f1 (0a5ca18544bf) revision 679073'; Using compiler version '192829333'; Build Type 'Release'
OS: 'Windows 10  (10.0.19044) 64bit Core' Language: 'en' Physical Memory: 16005 MB
BatchMode: 1, IsHumanControllingUs: 0, StartBugReporterOnCrash: 0, Is64bit: 1, IsPro: 1

COMMAND LINE ARGUMENTS:
C:\Program Files\Unity\Hub\Editor\2021.3.11f1\Editor\Unity.exe
-adb2
-batchMode
-noUpm
-name
AssetImportWorker8
-projectPath
D:/Unity Projects/New Github/GGJ_2023_Roots/GGJ_2023_Roots
-logFile
Logs/AssetImportWorker8.log
-srvPort
56100
Successfully changed project path to: D:/Unity Projects/New Github/GGJ_2023_Roots/GGJ_2023_Roots
D:/Unity Projects/New Github/GGJ_2023_Roots/GGJ_2023_Roots
[UnityMemory] Configuration Parameters - Can be set up in boot.config
    "memorysetup-bucket-allocator-granularity=16"
    "memorysetup-bucket-allocator-bucket-count=8"
    "memorysetup-bucket-allocator-block-size=33554432"
    "memorysetup-bucket-allocator-block-count=8"
    "memorysetup-main-allocator-block-size=16777216"
    "memorysetup-thread-allocator-block-size=16777216"
    "memorysetup-gfx-main-allocator-block-size=16777216"
    "memorysetup-gfx-thread-allocator-block-size=16777216"
    "memorysetup-cache-allocator-block-size=4194304"
    "memorysetup-typetree-allocator-block-size=2097152"
    "memorysetup-profiler-bucket-allocator-granularity=16"
    "memorysetup-profiler-bucket-allocator-bucket-count=8"
    "memorysetup-profiler-bucket-allocator-block-size=33554432"
    "memorysetup-profiler-bucket-allocator-block-count=8"
    "memorysetup-profiler-allocator-block-size=16777216"
    "memorysetup-profiler-editor-allocator-block-size=1048576"
    "memorysetup-temp-allocator-size-main=16777216"
    "memorysetup-job-temp-allocator-block-size=2097152"
    "memorysetup-job-temp-allocator-block-size-background=1048576"
    "memorysetup-job-temp-allocator-reduction-small-platforms=262144"
    "memorysetup-temp-allocator-size-background-worker=32768"
    "memorysetup-temp-allocator-size-job-worker=262144"
    "memorysetup-temp-allocator-size-preload-manager=33554432"
    "memorysetup-temp-allocator-size-nav-mesh-worker=65536"
    "memorysetup-temp-allocator-size-audio-worker=65536"
    "memorysetup-temp-allocator-size-cloud-worker=32768"
    "memorysetup-temp-allocator-size-gi-baking-worker=262144"
    "memorysetup-temp-allocator-size-gfx=262144"
Refreshing native plugins compatible for Editor in 215.68 ms, found 7 plugins.
Preloading 0 native plugins for Editor in 0.00 ms.
Initialize engine version: 2021.3.11f1 (0a5ca18544bf)
[Subsystems] Discovering subsystems at path C:/Program Files/Unity/Hub/Editor/2021.3.11f1/Editor/Data/Resources/UnitySubsystems
[Subsystems] Discovering subsystems at path D:/Unity Projects/New Github/GGJ_2023_Roots/GGJ_2023_Roots/Assets
GfxDevice: creating device client; threaded=0; jobified=0
Direct3D:
    Version:  Direct3D 11.0 [level 11.1]
    Renderer: NVIDIA GeForce RTX 3050 Ti Laptop GPU (ID=0x25a0)
    Vendor:   NVIDIA
    VRAM:     3976 MB
    Driver:   31.0.15.2698
Initialize mono
Mono path[0] = 'C:/Program Files/Unity/Hub/Editor/2021.3.11f1/Editor/Data/Managed'
Mono path[1] = 'C:/Program Files/Unity/Hub/Editor/2021.3.11f1/Editor/Data/MonoBleedingEdge/lib/mono/unityjit-win32'
Mono config path = 'C:/Program Files/Unity/Hub/Editor/2021.3.11f1/Editor/Data/MonoBleedingEdge/etc'
Using monoOptions --debugger-agent=transport=dt_socket,embedding=1,server=y,suspend=n,address=127.0.0.1:56104
Begin MonoManager ReloadAssembly
Registering precompiled unity dll's ...
Register platform support module: C:/Program Files/Unity/Hub/Editor/2021.3.11f1/Editor/Data/PlaybackEngines/WebGLSupport/UnityEditor.WebGL.Extensions.dll
Register platform support module: C:/Program Files/Unity/Hub/Editor/2021.3.11f1/Editor/Data/PlaybackEngines/WindowsStandaloneSupport/UnityEditor.WindowsStandalone.Extensions.dll
Register platform support module: C:/Program Files/Unity/Hub/Editor/2021.3.11f1/Editor/Data/PlaybackEngines/MetroSupport/UnityEditor.UWP.Extensions.dll
Registered in 0.013215 seconds.
Native extension for UWP target not found
Native extension for WindowsStandalone target not found
Native extension for WebGL target not found
Refreshing native plugins compatible for Editor in 121.10 ms, found 7 plugins.
Preloading 0 native plugins for Editor in 0.00 ms.
Mono: successfully reloaded assembly
- Completed reload, in  0.891 seconds
Domain Reload Profiling:
	ReloadAssembly (892ms)
		BeginReloadAssembly (97ms)
			ExecutionOrderSort (0ms)
			DisableScriptedObjects (0ms)
			BackupInstance (0ms)
			ReleaseScriptingObjects (0ms)
			CreateAndSetChildDomain (1ms)
		EndReloadAssembly (648ms)
			LoadAssemblies (96ms)
			RebuildTransferFunctionScriptingTraits (0ms)
			SetupTypeCache (145ms)
			ReleaseScriptCaches (0ms)
			RebuildScriptCaches (36ms)
			SetupLoadedEditorAssemblies (370ms)
				LogAssemblyErrors (0ms)
				InitializePlatformSupportModulesInManaged (15ms)
				SetLoadedEditorAssemblies (0ms)
				RefreshPlugins (121ms)
				BeforeProcessingInitializeOnLoad (1ms)
				ProcessInitializeOnLoadAttributes (171ms)
				ProcessInitializeOnLoadMethodAttributes (60ms)
				AfterProcessingInitializeOnLoad (0ms)
				EditorAssembliesLoaded (0ms)
			ExecutionOrderSort2 (0ms)
			AwakeInstancesAfterBackupRestoration (0ms)
Platform modules already initialized, skipping
Registering precompiled user dll's ...
Registered in 0.143040 seconds.
Begin MonoManager ReloadAssembly
Symbol file LoadedFromMemory doesn't match image D:\Unity Projects\New Github\GGJ_2023_Roots\GGJ_2023_Roots\Library\PackageCache\com.unity.visualscripting@1.7.8\Editor\VisualScripting.Core\Dependencies\DotNetZip\Unity.VisualScripting.IonicZip.dll
Symbol file LoadedFromMemory doesn't match image D:\Unity Projects\New Github\GGJ_2023_Roots\GGJ_2023_Roots\Library\PackageCache\com.unity.visualscripting@1.7.8\Editor\VisualScripting.Core\Dependencies\YamlDotNet\Unity.VisualScripting.YamlDotNet.dll
Native extension for UWP target not found
Native extension for WindowsStandalone target not found
Native extension for WebGL target not found
Refreshing native plugins compatible for Editor in 131.29 ms, found 7 plugins.
Preloading 0 native plugins for Editor in 0.00 ms.
Mono: successfully reloaded assembly
- Completed reload, in  3.564 seconds
Domain Reload Profiling:
	ReloadAssembly (3566ms)
		BeginReloadAssembly (158ms)
			ExecutionOrderSort (0ms)
			DisableScriptedObjects (7ms)
			BackupInstance (0ms)
			ReleaseScriptingObjects (0ms)
			CreateAndSetChildDomain (21ms)
		EndReloadAssembly (3257ms)
			LoadAssemblies (983ms)
			RebuildTransferFunctionScriptingTraits (0ms)
			SetupTypeCache (387ms)
			ReleaseScriptCaches (1ms)
			RebuildScriptCaches (84ms)
			SetupLoadedEditorAssemblies (1769ms)
				LogAssemblyErrors (0ms)
				InitializePlatformSupportModulesInManaged (9ms)
				SetLoadedEditorAssemblies (0ms)
				RefreshPlugins (131ms)
				BeforeProcessingInitializeOnLoad (126ms)
				ProcessInitializeOnLoadAttributes (1388ms)
				ProcessInitializeOnLoadMethodAttributes (102ms)
				AfterProcessingInitializeOnLoad (12ms)
				EditorAssembliesLoaded (0ms)
			ExecutionOrderSort2 (0ms)
			AwakeInstancesAfterBackupRestoration (8ms)
Platform modules already initialized, skipping
========================================================================
Worker process is ready to serve import requests
Launched and connected shader compiler UnityShaderCompiler.exe after 0.24 seconds
Refreshing native plugins compatible for Editor in 1.27 ms, found 7 plugins.
Preloading 0 native plugins for Editor in 0.00 ms.
Unloading 5423 Unused Serialized files (Serialized files now loaded: 0)
Unloading 112 unused Assets / (0.8 MB). Loaded Objects now: 5814.
Memory consumption went from 216.6 MB to 215.8 MB.
Total: 4.397000 ms (FindLiveObjects: 0.543000 ms CreateObjectMapping: 0.231100 ms MarkObjects: 3.241600 ms  DeleteObjects: 0.379900 ms)

AssetImportParameters requested are different than current active one (requested -> active):
  custom:video-decoder-ogg-theora: a1e56fd34408186e4bbccfd4996cb3dc -> 
  custom:container-muxer-webm: aa71ff27fc2769a1b78a27578f13a17b -> 
  custom:container-demuxer-webm: 4f35f7cbe854078d1ac9338744f61a02 -> 
  custom:video-encoder-webm-vp8: eb34c28f22e8b96e1ab97ce403110664 -> 
  custom:audio-encoder-webm-vorbis: bf7c407c2cedff20999df2af8eb42d56 -> 
  custom:framework-win-MediaFoundation: 216162199b28c13a410421893ffa2e32 -> 
  custom:container-demuxer-ogg: 62fdf1f143b41e24485cea50d1cbac27 -> 
  custom:video-decoder-webm-vp8: 9c59270c3fd7afecdb556c50c9e8de78 -> 
  custom:audio-decoder-ogg-vorbis: bf7c407c2cedff20999df2af8eb42d56 -> 
========================================================================
Received Import Request.
  Time since last request: 3808100.666858 seconds.
  path: Assets/URP.asset
  artifactKey: Guid(94aada8a1c5ed5943a948e5599078da2) Importer(815301076,1909f56bfc062723c751e8b465ee728b)
Start importing Assets/URP.asset using Guid(94aada8a1c5ed5943a948e5599078da2) Importer(815301076,1909f56bfc062723c751e8b465ee728b)  -> (artifact id: 'c90c5742836173abfd5017df5460a800') in 0.051849 seconds 
========================================================================
Received Import Request.
  Time since last request: 46.357103 seconds.
  path: Assets
  artifactKey: Guid(00000000000000001000000000000000) Importer(815301076,1909f56bfc062723c751e8b465ee728b)
Start importing Assets using Guid(00000000000000001000000000000000) Importer(815301076,1909f56bfc062723c751e8b465ee728b)  -> (artifact id: '79842766b460edbeab6a34051e857a80') in 0.010966 seconds 
========================================================================
Received Import Request.
  Time since last request: 24.282838 seconds.
  path: Assets/URP Asset.asset
  artifactKey: Guid(2b525d5de5bf59841aa1c9f61ed5c373) Importer(815301076,1909f56bfc062723c751e8b465ee728b)
Start importing Assets/URP Asset.asset using Guid(2b525d5de5bf59841aa1c9f61ed5c373) Importer(815301076,1909f56bfc062723c751e8b465ee728b)  -> (artifact id: '5688bca4e608e597e9c9682087ac3c29') in 0.045102 seconds 
========================================================================
Received Prepare
Switching render pipeline 00000000000000000000000000000000 -> 2b525d5de5bf59841aa1c9f61ed5c373
Refreshing native plugins compatible for Editor in 128.49 ms, found 7 plugins.
Preloading 0 native plugins for Editor in 0.00 ms.
Unloading 139 Unused Serialized files (Serialized files now loaded: 0)
Unloading 91 unused Assets / (0.8 MB). Loaded Objects now: 5863.
Memory consumption went from 106.9 MB to 106.1 MB.
Total: 13.919300 ms (FindLiveObjects: 0.540700 ms CreateObjectMapping: 0.583500 ms MarkObjects: 12.443700 ms  DeleteObjects: 0.350200 ms)

AssetImportParameters requested are different than current active one (requested -> active):
  custom:video-decoder-ogg-theora: a1e56fd34408186e4bbccfd4996cb3dc -> 
  custom:container-muxer-webm: aa71ff27fc2769a1b78a27578f13a17b -> 
  custom:container-demuxer-webm: 4f35f7cbe854078d1ac9338744f61a02 -> 
  custom:video-encoder-webm-vp8: eb34c28f22e8b96e1ab97ce403110664 -> 
  custom:audio-encoder-webm-vorbis: bf7c407c2cedff20999df2af8eb42d56 -> 
  custom:framework-win-MediaFoundation: 216162199b28c13a410421893ffa2e32 -> 
  custom:container-demuxer-ogg: 62fdf1f143b41e24485cea50d1cbac27 -> 
  custom:video-decoder-webm-vp8: 9c59270c3fd7afecdb556c50c9e8de78 -> 
  custom:audio-decoder-ogg-vorbis: bf7c407c2cedff20999df2af8eb42d56 -> 
========================================================================
Received Import Request.
  Time since last request: 1741.738801 seconds.
  path: Assets/URP Asset.asset
  artifactKey: Guid(2b525d5de5bf59841aa1c9f61ed5c373) Importer(815301076,1909f56bfc062723c751e8b465ee728b)
Start importing Assets/URP Asset.asset using Guid(2b525d5de5bf59841aa1c9f61ed5c373) Importer(815301076,1909f56bfc062723c751e8b465ee728b)  -> (artifact id: 'a34271dd6598359edba763083bad6c8a') in 0.012227 seconds 
========================================================================
Received Import Request.
  Time since last request: 0.000027 seconds.
  path: Assets/URP.asset
  artifactKey: Guid(94aada8a1c5ed5943a948e5599078da2) Importer(815301076,1909f56bfc062723c751e8b465ee728b)
Start importing Assets/URP.asset using Guid(94aada8a1c5ed5943a948e5599078da2) Importer(815301076,1909f56bfc062723c751e8b465ee728b)  -> (artifact id: '1dc2758cfdd00394bf8aa8007daf7db6') in 0.004262 seconds 
========================================================================
Received Import Request.
  Time since last request: 11.602426 seconds.
  path: Assets/CharacterMeshes
  artifactKey: Guid(5e12fb37829207a44b33ba1c759d6d85) Importer(815301076,1909f56bfc062723c751e8b465ee728b)
Start importing Assets/CharacterMeshes using Guid(5e12fb37829207a44b33ba1c759d6d85) Importer(815301076,1909f56bfc062723c751e8b465ee728b)  -> (artifact id: '26fc190dd343ddb3a499e9b76ca8fc8c') in 0.941898 seconds 
========================================================================
Received Import Request.
  Time since last request: 5.562913 seconds.
  path: Assets/CharacterMeshes/Anna
  artifactKey: Guid(aff7fa2bfb10a1148b6ff0d620bff2da) Importer(815301076,1909f56bfc062723c751e8b465ee728b)
Start importing Assets/CharacterMeshes/Anna using Guid(aff7fa2bfb10a1148b6ff0d620bff2da) Importer(815301076,1909f56bfc062723c751e8b465ee728b)  -> (artifact id: 'be41cfe21af4fd1af4321640ea3cc210') in 0.008055 seconds 
========================================================================
Received Import Request.
  Time since last request: 6.418006 seconds.
  path: Assets/CharacterMeshes/Chris
  artifactKey: Guid(4248976312869864b8494d3365c55d2a) Importer(815301076,1909f56bfc062723c751e8b465ee728b)
Start importing Assets/CharacterMeshes/Chris using Guid(4248976312869864b8494d3365c55d2a) Importer(815301076,1909f56bfc062723c751e8b465ee728b)  -> (artifact id: '0e879735dd1651e0dba1417f976d8e6b') in 0.008159 seconds 
========================================================================
Received Import Request.
  Time since last request: 1222.053104 seconds.
  path: Assets/Animations
  artifactKey: Guid(0e937c9ff2d962845b81b73aff06c4cc) Importer(815301076,1909f56bfc062723c751e8b465ee728b)
Start importing Assets/Animations using Guid(0e937c9ff2d962845b81b73aff06c4cc) Importer(815301076,1909f56bfc062723c751e8b465ee728b)  -> (artifact id: '691107b6e7cc251ddd3e5fe4e0649e2c') in 0.009670 seconds 
========================================================================
Received Import Request.
  Time since last request: 8.946493 seconds.
  path: Assets/Animations/Anna_Playing.anim
  artifactKey: Guid(a6a0f6e5842053648a234e8b50912310) Importer(815301076,1909f56bfc062723c751e8b465ee728b)
Start importing Assets/Animations/Anna_Playing.anim using Guid(a6a0f6e5842053648a234e8b50912310) Importer(815301076,1909f56bfc062723c751e8b465ee728b)  -> (artifact id: '3bcbf0670e9f424df0448e6c38bab100') in 0.010849 seconds 
========================================================================
Received Import Request.
  Time since last request: 10.164373 seconds.
  path: Assets/Animations/Anna_Idle.anim
  artifactKey: Guid(f37a10f2785a5f14987e39f4ea84add6) Importer(815301076,1909f56bfc062723c751e8b465ee728b)
Start importing Assets/Animations/Anna_Idle.anim using Guid(f37a10f2785a5f14987e39f4ea84add6) Importer(815301076,1909f56bfc062723c751e8b465ee728b)  -> (artifact id: '58bd8b8d8602eb3c94eb9cd48e970561') in 0.007075 seconds 
========================================================================
Received Import Request.
  Time since last request: 6.899196 seconds.
  path: Assets/Animations/Anna.controller
  artifactKey: Guid(b333eb5e7f1d2e0469b900da86e4b344) Importer(815301076,1909f56bfc062723c751e8b465ee728b)
Start importing Assets/Animations/Anna.controller using Guid(b333eb5e7f1d2e0469b900da86e4b344) Importer(815301076,1909f56bfc062723c751e8b465ee728b)  -> (artifact id: '26bd43c081ee33d00f1e12f581090eba') in 0.007089 seconds 
========================================================================
Received Import Request.
  Time since last request: 10.694992 seconds.
  path: Assets/Animations/Chris_Idle.anim
  artifactKey: Guid(2f6332093f4b1f04e8e161f210aac600) Importer(815301076,1909f56bfc062723c751e8b465ee728b)
Start importing Assets/Animations/Chris_Idle.anim using Guid(2f6332093f4b1f04e8e161f210aac600) Importer(815301076,1909f56bfc062723c751e8b465ee728b)  -> (artifact id: '888b9317e388721b380c55cecd9a54a5') in 0.007152 seconds 
========================================================================
Received Import Request.
  Time since last request: 10.962788 seconds.
  path: Assets/Animations/Chris_Playing.anim
  artifactKey: Guid(d567b2f7a98f51c44b0edbe8e8ff33e2) Importer(815301076,1909f56bfc062723c751e8b465ee728b)
Start importing Assets/Animations/Chris_Playing.anim using Guid(d567b2f7a98f51c44b0edbe8e8ff33e2) Importer(815301076,1909f56bfc062723c751e8b465ee728b)  -> (artifact id: '2522b9ac7687d549dacba8e67a104b06') in 0.011914 seconds 
========================================================================
Received Import Request.
  Time since last request: 6.749854 seconds.
  path: Assets/Animations/Chris.controller
  artifactKey: Guid(ecc88d849a26a374d86f7aa09b4a8364) Importer(815301076,1909f56bfc062723c751e8b465ee728b)
Start importing Assets/Animations/Chris.controller using Guid(ecc88d849a26a374d86f7aa09b4a8364) Importer(815301076,1909f56bfc062723c751e8b465ee728b)  -> (artifact id: '7e7c32dcc13047da380ccf96b4e767c8') in 0.004324 seconds 
========================================================================
Received Import Request.
  Time since last request: 26.154033 seconds.
  path: Assets/CharacterMeshes/Anna/AnnaAnims/Anna.fbx
  artifactKey: Guid(b9c85ec3fdb7a604b94c5cdff1761826) Importer(815301076,1909f56bfc062723c751e8b465ee728b)
Start importing Assets/CharacterMeshes/Anna/AnnaAnims/Anna.fbx using Guid(b9c85ec3fdb7a604b94c5cdff1761826) Importer(815301076,1909f56bfc062723c751e8b465ee728b)  -> (artifact id: '1e27fcef11cd83a4e5c92fa5f2481c07') in 4.555369 seconds 
========================================================================
Received Import Request.
  Time since last request: 0.000039 seconds.
  path: Assets/CharacterMeshes/Anna/AnnaAnims/AnnaEAnim.fbx
  artifactKey: Guid(353532e0dd333744d826d4b5786d0624) Importer(815301076,1909f56bfc062723c751e8b465ee728b)
Start importing Assets/CharacterMeshes/Anna/AnnaAnims/AnnaEAnim.fbx using Guid(353532e0dd333744d826d4b5786d0624) Importer(815301076,1909f56bfc062723c751e8b465ee728b)  -> (artifact id: '89641e0e46fc08df9ab04d299b021377') in 0.110510 seconds 
========================================================================
Received Import Request.
  Time since last request: 0.000042 seconds.
  path: Assets/CharacterMeshes/Anna/AnnaAnims/AnnaGAnim.fbx
  artifactKey: Guid(0f1ec8ad78aadce4ea02937f093b9d38) Importer(815301076,1909f56bfc062723c751e8b465ee728b)
Start importing Assets/CharacterMeshes/Anna/AnnaAnims/AnnaGAnim.fbx using Guid(0f1ec8ad78aadce4ea02937f093b9d38) Importer(815301076,1909f56bfc062723c751e8b465ee728b)  -> (artifact id: '0843bf4c4eb9a47e36dd31a5240b6c42') in 0.122459 seconds 
========================================================================
Received Prepare
Registering precompiled user dll's ...
Registered in 0.011758 seconds.
Begin MonoManager ReloadAssembly
Symbol file LoadedFromMemory doesn't match image D:\Unity Projects\New Github\GGJ_2023_Roots\GGJ_2023_Roots\Library\PackageCache\com.unity.visualscripting@1.7.8\Editor\VisualScripting.Core\Dependencies\DotNetZip\Unity.VisualScripting.IonicZip.dll
Symbol file LoadedFromMemory doesn't match image D:\Unity Projects\New Github\GGJ_2023_Roots\GGJ_2023_Roots\Library\PackageCache\com.unity.visualscripting@1.7.8\Editor\VisualScripting.Core\Dependencies\YamlDotNet\Unity.VisualScripting.YamlDotNet.dll
Native extension for UWP target not found
Native extension for WindowsStandalone target not found
Native extension for WebGL target not found
Refreshing native plugins compatible for Editor in 1.38 ms, found 7 plugins.
Preloading 0 native plugins for Editor in 0.00 ms.
Mono: successfully reloaded assembly
- Completed reload, in  2.430 seconds
Domain Reload Profiling:
	ReloadAssembly (2431ms)
		BeginReloadAssembly (464ms)
			ExecutionOrderSort (0ms)
			DisableScriptedObjects (24ms)
			BackupInstance (0ms)
			ReleaseScriptingObjects (0ms)
			CreateAndSetChildDomain (249ms)
		EndReloadAssembly (1839ms)
			LoadAssemblies (156ms)
			RebuildTransferFunctionScriptingTraits (0ms)
			SetupTypeCache (450ms)
			ReleaseScriptCaches (2ms)
			RebuildScriptCaches (68ms)
			SetupLoadedEditorAssemblies (633ms)
				LogAssemblyErrors (0ms)
				InitializePlatformSupportModulesInManaged (22ms)
				SetLoadedEditorAssemblies (1ms)
				RefreshPlugins (1ms)
				BeforeProcessingInitializeOnLoad (102ms)
				ProcessInitializeOnLoadAttributes (400ms)
				ProcessInitializeOnLoadMethodAttributes (95ms)
				AfterProcessingInitializeOnLoad (13ms)
				EditorAssembliesLoaded (0ms)
			ExecutionOrderSort2 (0ms)
			AwakeInstancesAfterBackupRestoration (15ms)
Platform modules already initialized, skipping
Refreshing native plugins compatible for Editor in 12.19 ms, found 7 plugins.
Preloading 0 native plugins for Editor in 0.00 ms.
Unloading 5342 Unused Serialized files (Serialized files now loaded: 0)
Unloading 92 unused Assets / (0.8 MB). Loaded Objects now: 5968.
Memory consumption went from 233.4 MB to 232.6 MB.
Total: 3.967800 ms (FindLiveObjects: 0.409600 ms CreateObjectMapping: 0.196400 ms MarkObjects: 2.689900 ms  DeleteObjects: 0.671100 ms)

AssetImportParameters requested are different than current active one (requested -> active):
  custom:video-decoder-ogg-theora: a1e56fd34408186e4bbccfd4996cb3dc -> 
  custom:container-muxer-webm: aa71ff27fc2769a1b78a27578f13a17b -> 
  custom:container-demuxer-webm: 4f35f7cbe854078d1ac9338744f61a02 -> 
  custom:video-encoder-webm-vp8: eb34c28f22e8b96e1ab97ce403110664 -> 
  custom:audio-encoder-webm-vorbis: bf7c407c2cedff20999df2af8eb42d56 -> 
  custom:framework-win-MediaFoundation: 216162199b28c13a410421893ffa2e32 -> 
  custom:container-demuxer-ogg: 62fdf1f143b41e24485cea50d1cbac27 -> 
  custom:video-decoder-webm-vp8: 9c59270c3fd7afecdb556c50c9e8de78 -> 
  custom:audio-decoder-ogg-vorbis: bf7c407c2cedff20999df2af8eb42d56 -> 
========================================================================
Received Import Request.
  Time since last request: 1504.469262 seconds.
  path: Assets/CharacterMeshes/Anna/AnnaAnims/Anna.fbx
  artifactKey: Guid(b9c85ec3fdb7a604b94c5cdff1761826) Importer(815301076,1909f56bfc062723c751e8b465ee728b)
Start importing Assets/CharacterMeshes/Anna/AnnaAnims/Anna.fbx using Guid(b9c85ec3fdb7a604b94c5cdff1761826) Importer(815301076,1909f56bfc062723c751e8b465ee728b)  -> (artifact id: '0150561ff6cf216a7cd17a70a959f425') in 0.822613 seconds 
========================================================================
Received Import Request.
  Time since last request: 18.184843 seconds.
  path: Assets/CharacterMeshes/Anna/AnnaAnims/Anna.fbx
  artifactKey: Guid(b9c85ec3fdb7a604b94c5cdff1761826) Importer(815301076,1909f56bfc062723c751e8b465ee728b)
Start importing Assets/CharacterMeshes/Anna/AnnaAnims/Anna.fbx using Guid(b9c85ec3fdb7a604b94c5cdff1761826) Importer(815301076,1909f56bfc062723c751e8b465ee728b)  -> (artifact id: '6d43af3c9ee11d29fb60e9b8787737a8') in 0.092656 seconds 
========================================================================
Received Import Request.
  Time since last request: 14.647043 seconds.
  path: Assets/CharacterMeshes/Anna/AnnaAnims/AnnaAAnim.fbx
  artifactKey: Guid(96f2733c12a5eb54282480d6282b76ab) Importer(815301076,1909f56bfc062723c751e8b465ee728b)
Start importing Assets/CharacterMeshes/Anna/AnnaAnims/AnnaAAnim.fbx using Guid(96f2733c12a5eb54282480d6282b76ab) Importer(815301076,1909f56bfc062723c751e8b465ee728b)  -> (artifact id: '6f81a2a68af6ea91cbbc0356bc80904a') in 0.088009 seconds 
========================================================================
Received Import Request.
  Time since last request: 8.538474 seconds.
  path: Assets/CharacterMeshes/Anna/AnnaAnims/AnnaDAnim.fbx
  artifactKey: Guid(60e9ed64fa82c8b41aca7899872b64f2) Importer(815301076,1909f56bfc062723c751e8b465ee728b)
Start importing Assets/CharacterMeshes/Anna/AnnaAnims/AnnaDAnim.fbx using Guid(60e9ed64fa82c8b41aca7899872b64f2) Importer(815301076,1909f56bfc062723c751e8b465ee728b)  -> (artifact id: '57722065c99c273fdb085ea4ce0dcc1e') in 0.087221 seconds 
========================================================================
Received Import Request.
  Time since last request: 10.408639 seconds.
  path: Assets/CharacterMeshes/Anna/AnnaAnims/AnnaEAnim.fbx
  artifactKey: Guid(353532e0dd333744d826d4b5786d0624) Importer(815301076,1909f56bfc062723c751e8b465ee728b)
Start importing Assets/CharacterMeshes/Anna/AnnaAnims/AnnaEAnim.fbx using Guid(353532e0dd333744d826d4b5786d0624) Importer(815301076,1909f56bfc062723c751e8b465ee728b)  -> (artifact id: '90900078aa49165799010c54688c7f68') in 0.101962 seconds 
========================================================================
Received Import Request.
  Time since last request: 26.297307 seconds.
  path: Assets/CharacterMeshes/Anna/AnnaAnims/AnnaGAnim.fbx
  artifactKey: Guid(0f1ec8ad78aadce4ea02937f093b9d38) Importer(815301076,1909f56bfc062723c751e8b465ee728b)
Start importing Assets/CharacterMeshes/Anna/AnnaAnims/AnnaGAnim.fbx using Guid(0f1ec8ad78aadce4ea02937f093b9d38) Importer(815301076,1909f56bfc062723c751e8b465ee728b)  -> (artifact id: '00cbe30a3f31f3d892f78d1c439fccfc') in 0.078369 seconds 
========================================================================
Received Import Request.
  Time since last request: 10.649807 seconds.
  path: Assets/CharacterMeshes/Anna/AnnaAnims/AnnaIdleAnim.fbx
  artifactKey: Guid(6e5ff1a0188a5d049962e4455cf099fc) Importer(815301076,1909f56bfc062723c751e8b465ee728b)
Start importing Assets/CharacterMeshes/Anna/AnnaAnims/AnnaIdleAnim.fbx using Guid(6e5ff1a0188a5d049962e4455cf099fc) Importer(815301076,1909f56bfc062723c751e8b465ee728b)  -> (artifact id: '6ebf003307cbd9194a95b2331994f0fa') in 0.089532 seconds 
========================================================================
Received Import Request.
  Time since last request: 74.705563 seconds.
  path: Assets/CharacterMeshes/Anna/AnnaAnims/Take 001.anim
  artifactKey: Guid(5b110228980b67d48bed7d68360f1262) Importer(815301076,1909f56bfc062723c751e8b465ee728b)
Start importing Assets/CharacterMeshes/Anna/AnnaAnims/Take 001.anim using Guid(5b110228980b67d48bed7d68360f1262) Importer(815301076,1909f56bfc062723c751e8b465ee728b)  -> (artifact id: '32d7907458c40c23d0bb60ada6213c42') in 0.009849 seconds 
========================================================================
Received Import Request.
  Time since last request: 9.140283 seconds.
  path: Assets/CharacterMeshes/Anna/AnnaAnims/AAnim.anim
  artifactKey: Guid(5b110228980b67d48bed7d68360f1262) Importer(815301076,1909f56bfc062723c751e8b465ee728b)
Start importing Assets/CharacterMeshes/Anna/AnnaAnims/AAnim.anim using Guid(5b110228980b67d48bed7d68360f1262) Importer(815301076,1909f56bfc062723c751e8b465ee728b)  -> (artifact id: '6458fafd6526c76b6140efcfe3de0702') in 0.008110 seconds 
========================================================================
Received Import Request.
  Time since last request: 6.825993 seconds.
  path: Assets/CharacterMeshes/Anna/AnnaAnims/AnnaAAnim.anim
  artifactKey: Guid(5b110228980b67d48bed7d68360f1262) Importer(815301076,1909f56bfc062723c751e8b465ee728b)
Start importing Assets/CharacterMeshes/Anna/AnnaAnims/AnnaAAnim.anim using Guid(5b110228980b67d48bed7d68360f1262) Importer(815301076,1909f56bfc062723c751e8b465ee728b)  -> (artifact id: '31c5152d41e2f08c24df4220e68e9472') in 0.005500 seconds 
========================================================================
Received Import Request.
  Time since last request: 10.075071 seconds.
  path: Assets/CharacterMeshes/Anna/AnnaAnims/Take 001.anim
  artifactKey: Guid(dbfe3e5c8c114dc4e84f7517daa10a27) Importer(815301076,1909f56bfc062723c751e8b465ee728b)
Start importing Assets/CharacterMeshes/Anna/AnnaAnims/Take 001.anim using Guid(dbfe3e5c8c114dc4e84f7517daa10a27) Importer(815301076,1909f56bfc062723c751e8b465ee728b)  -> (artifact id: 'f76690d3e4631b6a85e59559eb782d77') in 0.005248 seconds 
========================================================================
Received Import Request.
  Time since last request: 9.253028 seconds.
  path: Assets/CharacterMeshes/Anna/AnnaAnims/AnnaDAnim.anim
  artifactKey: Guid(dbfe3e5c8c114dc4e84f7517daa10a27) Importer(815301076,1909f56bfc062723c751e8b465ee728b)
Start importing Assets/CharacterMeshes/Anna/AnnaAnims/AnnaDAnim.anim using Guid(dbfe3e5c8c114dc4e84f7517daa10a27) Importer(815301076,1909f56bfc062723c751e8b465ee728b)  -> (artifact id: '4a5f6170b3308f8252c724ac667af481') in 0.007873 seconds 
========================================================================
Received Import Request.
  Time since last request: 14.098293 seconds.
  path: Assets/CharacterMeshes/Anna/AnnaAnims/Take 001.anim
  artifactKey: Guid(38ec34a6537f0544ab0dacf7aa6831b1) Importer(815301076,1909f56bfc062723c751e8b465ee728b)
Start importing Assets/CharacterMeshes/Anna/AnnaAnims/Take 001.anim using Guid(38ec34a6537f0544ab0dacf7aa6831b1) Importer(815301076,1909f56bfc062723c751e8b465ee728b)  -> (artifact id: '77dc744edea8db7914f71e17feb76a9f') in 0.005363 seconds 
========================================================================
Received Import Request.
  Time since last request: 7.568789 seconds.
  path: Assets/CharacterMeshes/Anna/AnnaAnims/AnnaEAnim.anim
  artifactKey: Guid(38ec34a6537f0544ab0dacf7aa6831b1) Importer(815301076,1909f56bfc062723c751e8b465ee728b)
Start importing Assets/CharacterMeshes/Anna/AnnaAnims/AnnaEAnim.anim using Guid(38ec34a6537f0544ab0dacf7aa6831b1) Importer(815301076,1909f56bfc062723c751e8b465ee728b)  -> (artifact id: 'f3e79da6eea8538d9269936be3b901d6') in 0.005335 seconds 
========================================================================
Received Import Request.
  Time since last request: 7.183787 seconds.
  path: Assets/CharacterMeshes/Anna/AnnaAnims/Take 001.anim
  artifactKey: Guid(6fce0605e5ccef447b305018a61e38fe) Importer(815301076,1909f56bfc062723c751e8b465ee728b)
Start importing Assets/CharacterMeshes/Anna/AnnaAnims/Take 001.anim using Guid(6fce0605e5ccef447b305018a61e38fe) Importer(815301076,1909f56bfc062723c751e8b465ee728b)  -> (artifact id: '262c0112ab22bb556c8e2b0cb195d53f') in 0.005262 seconds 
========================================================================
Received Import Request.
  Time since last request: 5.484266 seconds.
  path: Assets/CharacterMeshes/Anna/AnnaAnims/AnnaGAnim.anim
  artifactKey: Guid(6fce0605e5ccef447b305018a61e38fe) Importer(815301076,1909f56bfc062723c751e8b465ee728b)
Start importing Assets/CharacterMeshes/Anna/AnnaAnims/AnnaGAnim.anim using Guid(6fce0605e5ccef447b305018a61e38fe) Importer(815301076,1909f56bfc062723c751e8b465ee728b)  -> (artifact id: 'c1e9b75565d5c82812f29fe84d0b6379') in 0.006094 seconds 
========================================================================
Received Import Request.
  Time since last request: 5.199818 seconds.
  path: Assets/CharacterMeshes/Anna/AnnaAnims/Take 001.anim
  artifactKey: Guid(9f33a7ed358e08c4799d1b319493172e) Importer(815301076,1909f56bfc062723c751e8b465ee728b)
Start importing Assets/CharacterMeshes/Anna/AnnaAnims/Take 001.anim using Guid(9f33a7ed358e08c4799d1b319493172e) Importer(815301076,1909f56bfc062723c751e8b465ee728b)  -> (artifact id: '40777d1c93acea5d98227fc28dc711d7') in 0.010207 seconds 
========================================================================
Received Import Request.
  Time since last request: 7.930669 seconds.
  path: Assets/CharacterMeshes/Anna/AnnaAnims/AnnaIdleAnim.anim
  artifactKey: Guid(9f33a7ed358e08c4799d1b319493172e) Importer(815301076,1909f56bfc062723c751e8b465ee728b)
Start importing Assets/CharacterMeshes/Anna/AnnaAnims/AnnaIdleAnim.anim using Guid(9f33a7ed358e08c4799d1b319493172e) Importer(815301076,1909f56bfc062723c751e8b465ee728b)  -> (artifact id: 'edded55f4c31357d90f47a98970a61d1') in 0.009805 seconds 
========================================================================
Received Import Request.
  Time since last request: 30.380059 seconds.
  path: Assets/Animations/Anna.controller
  artifactKey: Guid(b333eb5e7f1d2e0469b900da86e4b344) Importer(815301076,1909f56bfc062723c751e8b465ee728b)
Start importing Assets/Animations/Anna.controller using Guid(b333eb5e7f1d2e0469b900da86e4b344) Importer(815301076,1909f56bfc062723c751e8b465ee728b)  -> (artifact id: '7391602abe20d01af11c8373bf42d20a') in 0.018313 seconds 
========================================================================
Received Import Request.
  Time since last request: 3.917183 seconds.
  path: Assets/Animations/Chris.controller
  artifactKey: Guid(ecc88d849a26a374d86f7aa09b4a8364) Importer(815301076,1909f56bfc062723c751e8b465ee728b)
Start importing Assets/Animations/Chris.controller using Guid(ecc88d849a26a374d86f7aa09b4a8364) Importer(815301076,1909f56bfc062723c751e8b465ee728b)  -> (artifact id: 'e369c24ef78cb19887149c1d05b22a59') in 0.005278 seconds 
========================================================================
Received Import Request.
  Time since last request: 1851.794174 seconds.
  path: Assets/CharacterMeshes/Chris/ChrisTextures
  artifactKey: Guid(2ac8076c40d0aec48b23cdf20712ccb8) Importer(815301076,1909f56bfc062723c751e8b465ee728b)
Start importing Assets/CharacterMeshes/Chris/ChrisTextures using Guid(2ac8076c40d0aec48b23cdf20712ccb8) Importer(815301076,1909f56bfc062723c751e8b465ee728b)  -> (artifact id: 'e47532f427cf8011359b36bafe5d2a6a') in 0.013070 seconds 
========================================================================
Received Import Request.
  Time since last request: 0.000099 seconds.
  path: Assets/CharacterMeshes/Chris/ChrisTextures/ChrisPaint_Chris_MetallicSmoothness.png
  artifactKey: Guid(2a9b1eb136dfc194e86677602cd4c109) Importer(815301076,1909f56bfc062723c751e8b465ee728b)
Start importing Assets/CharacterMeshes/Chris/ChrisTextures/ChrisPaint_Chris_MetallicSmoothness.png using Guid(2a9b1eb136dfc194e86677602cd4c109) Importer(815301076,1909f56bfc062723c751e8b465ee728b)  -> (artifact id: '4c570b46e22628ea65e07453f0f65b43') in 0.749601 seconds 
========================================================================
Received Import Request.
  Time since last request: 0.000040 seconds.
  path: Assets/CharacterMeshes/Chris/ChrisTextures/ChrisPaint_guitar_AlbedoTransparency.png
  artifactKey: Guid(e08ceb309e7fd374b92b08df52fc7beb) Importer(815301076,1909f56bfc062723c751e8b465ee728b)
Start importing Assets/CharacterMeshes/Chris/ChrisTextures/ChrisPaint_guitar_AlbedoTransparency.png using Guid(e08ceb309e7fd374b92b08df52fc7beb) Importer(815301076,1909f56bfc062723c751e8b465ee728b)  -> (artifact id: 'b6563d8f28d4903cf352708d421dbe74') in 0.229169 seconds 
========================================================================
Received Import Request.
  Time since last request: 0.000034 seconds.
  path: Assets/CharacterMeshes/Chris/ChrisTextures/ChrisPaint_Chris_Normal.png
  artifactKey: Guid(c39161a8d53783243886bf11d6dfd3b0) Importer(815301076,1909f56bfc062723c751e8b465ee728b)
Start importing Assets/CharacterMeshes/Chris/ChrisTextures/ChrisPaint_Chris_Normal.png using Guid(c39161a8d53783243886bf11d6dfd3b0) Importer(815301076,1909f56bfc062723c751e8b465ee728b)  -> (artifact id: '41e8d0de0eea298afba5c26cf973dd0a') in 0.135516 seconds 
========================================================================
Received Import Request.
  Time since last request: 1.301424 seconds.
  path: Assets/CharacterMeshes/Chris/ChrisAnims
  artifactKey: Guid(c4581751e48c9ee438f7fefe05485a03) Importer(815301076,1909f56bfc062723c751e8b465ee728b)
Start importing Assets/CharacterMeshes/Chris/ChrisAnims using Guid(c4581751e48c9ee438f7fefe05485a03) Importer(815301076,1909f56bfc062723c751e8b465ee728b)  -> (artifact id: 'e017948294031c53639df387dff671ab') in 0.014388 seconds 
========================================================================
Received Import Request.
  Time since last request: 0.043563 seconds.
  path: Assets/CharacterMeshes/Chris/ChrisAnims/ChrisGuitarAnim.fbx
  artifactKey: Guid(c3b8b11d75f1e434684d5184981bb1e0) Importer(815301076,1909f56bfc062723c751e8b465ee728b)
Start importing Assets/CharacterMeshes/Chris/ChrisAnims/ChrisGuitarAnim.fbx using Guid(c3b8b11d75f1e434684d5184981bb1e0) Importer(815301076,1909f56bfc062723c751e8b465ee728b)  -> (artifact id: '4cb5fc61b9fe384730980026f52bd829') in 0.242707 seconds 
========================================================================
Received Import Request.
  Time since last request: 9.949872 seconds.
  path: Assets/CharacterMeshes/Chris/ChrisAnims/Take 001.anim
  artifactKey: Guid(f3896a1f9d5fb3840a09992bc86b086d) Importer(815301076,1909f56bfc062723c751e8b465ee728b)
Start importing Assets/CharacterMeshes/Chris/ChrisAnims/Take 001.anim using Guid(f3896a1f9d5fb3840a09992bc86b086d) Importer(815301076,1909f56bfc062723c751e8b465ee728b)  -> (artifact id: '6b959d6a6baedf5e74ab4ff5a8916734') in 0.010226 seconds 
Editor requested this worker to shutdown with reason: Scaling down because of idle timeout
AssetImportWorkerClient::OnTransportError - code=2 error=End of file
AssetImportWorker is now disconnected from the server
Process exiting
Exiting without the bug reporter. Application will terminate with return code 0