Using pre-set license
Built from '2021.3/staging' branch; Version is '2021.3.11f1 (0a5ca18544bf) revision 679073'; Using compiler version '192829333'; Build Type 'Release'
OS: 'Windows 10  (10.0.19044) 64bit Core' Language: 'en' Physical Memory: 16005 MB
BatchMode: 1, IsHumanControllingUs: 0, StartBugReporterOnCrash: 0, Is64bit: 1, IsPro: 1

COMMAND LINE ARGUMENTS:
C:\Program Files\Unity\Hub\Editor\2021.3.11f1\Editor\Unity.exe
-adb2
-batchMode
-noUpm
-name
AssetImportWorker11
-projectPath
D:/Unity Projects/New Github/GGJ_2023_Roots/GGJ_2023_Roots
-logFile
Logs/AssetImportWorker11.log
-srvPort
56100
Successfully changed project path to: D:/Unity Projects/New Github/GGJ_2023_Roots/GGJ_2023_Roots
D:/Unity Projects/New Github/GGJ_2023_Roots/GGJ_2023_Roots
[UnityMemory] Configuration Parameters - Can be set up in boot.config
    "memorysetup-bucket-allocator-granularity=16"
    "memorysetup-bucket-allocator-bucket-count=8"
    "memorysetup-bucket-allocator-block-size=33554432"
    "memorysetup-bucket-allocator-block-count=8"
    "memorysetup-main-allocator-block-size=16777216"
    "memorysetup-thread-allocator-block-size=16777216"
    "memorysetup-gfx-main-allocator-block-size=16777216"
    "memorysetup-gfx-thread-allocator-block-size=16777216"
    "memorysetup-cache-allocator-block-size=4194304"
    "memorysetup-typetree-allocator-block-size=2097152"
    "memorysetup-profiler-bucket-allocator-granularity=16"
    "memorysetup-profiler-bucket-allocator-bucket-count=8"
    "memorysetup-profiler-bucket-allocator-block-size=33554432"
    "memorysetup-profiler-bucket-allocator-block-count=8"
    "memorysetup-profiler-allocator-block-size=16777216"
    "memorysetup-profiler-editor-allocator-block-size=1048576"
    "memorysetup-temp-allocator-size-main=16777216"
    "memorysetup-job-temp-allocator-block-size=2097152"
    "memorysetup-job-temp-allocator-block-size-background=1048576"
    "memorysetup-job-temp-allocator-reduction-small-platforms=262144"
    "memorysetup-temp-allocator-size-background-worker=32768"
    "memorysetup-temp-allocator-size-job-worker=262144"
    "memorysetup-temp-allocator-size-preload-manager=33554432"
    "memorysetup-temp-allocator-size-nav-mesh-worker=65536"
    "memorysetup-temp-allocator-size-audio-worker=65536"
    "memorysetup-temp-allocator-size-cloud-worker=32768"
    "memorysetup-temp-allocator-size-gi-baking-worker=262144"
    "memorysetup-temp-allocator-size-gfx=262144"
Refreshing native plugins compatible for Editor in 294.26 ms, found 7 plugins.
Preloading 0 native plugins for Editor in 0.00 ms.
Initialize engine version: 2021.3.11f1 (0a5ca18544bf)
[Subsystems] Discovering subsystems at path C:/Program Files/Unity/Hub/Editor/2021.3.11f1/Editor/Data/Resources/UnitySubsystems
[Subsystems] Discovering subsystems at path D:/Unity Projects/New Github/GGJ_2023_Roots/GGJ_2023_Roots/Assets
GfxDevice: creating device client; threaded=0; jobified=0
Direct3D:
    Version:  Direct3D 11.0 [level 11.1]
    Renderer: NVIDIA GeForce RTX 3050 Ti Laptop GPU (ID=0x25a0)
    Vendor:   NVIDIA
    VRAM:     3976 MB
    Driver:   31.0.15.2698
Initialize mono
Mono path[0] = 'C:/Program Files/Unity/Hub/Editor/2021.3.11f1/Editor/Data/Managed'
Mono path[1] = 'C:/Program Files/Unity/Hub/Editor/2021.3.11f1/Editor/Data/MonoBleedingEdge/lib/mono/unityjit-win32'
Mono config path = 'C:/Program Files/Unity/Hub/Editor/2021.3.11f1/Editor/Data/MonoBleedingEdge/etc'
Using monoOptions --debugger-agent=transport=dt_socket,embedding=1,server=y,suspend=n,address=127.0.0.1:56876
Begin MonoManager ReloadAssembly
Registering precompiled unity dll's ...
Register platform support module: C:/Program Files/Unity/Hub/Editor/2021.3.11f1/Editor/Data/PlaybackEngines/WebGLSupport/UnityEditor.WebGL.Extensions.dll
Register platform support module: C:/Program Files/Unity/Hub/Editor/2021.3.11f1/Editor/Data/PlaybackEngines/WindowsStandaloneSupport/UnityEditor.WindowsStandalone.Extensions.dll
Register platform support module: C:/Program Files/Unity/Hub/Editor/2021.3.11f1/Editor/Data/PlaybackEngines/MetroSupport/UnityEditor.UWP.Extensions.dll
Registered in 0.013508 seconds.
Native extension for UWP target not found
Native extension for WindowsStandalone target not found
Native extension for WebGL target not found
Refreshing native plugins compatible for Editor in 124.41 ms, found 7 plugins.
Preloading 0 native plugins for Editor in 0.00 ms.
Mono: successfully reloaded assembly
- Completed reload, in  0.898 seconds
Domain Reload Profiling:
	ReloadAssembly (899ms)
		BeginReloadAssembly (105ms)
			ExecutionOrderSort (0ms)
			DisableScriptedObjects (0ms)
			BackupInstance (0ms)
			ReleaseScriptingObjects (0ms)
			CreateAndSetChildDomain (1ms)
		EndReloadAssembly (649ms)
			LoadAssemblies (103ms)
			RebuildTransferFunctionScriptingTraits (0ms)
			SetupTypeCache (151ms)
			ReleaseScriptCaches (0ms)
			RebuildScriptCaches (33ms)
			SetupLoadedEditorAssemblies (398ms)
				LogAssemblyErrors (0ms)
				InitializePlatformSupportModulesInManaged (13ms)
				SetLoadedEditorAssemblies (0ms)
				RefreshPlugins (125ms)
				BeforeProcessingInitializeOnLoad (1ms)
				ProcessInitializeOnLoadAttributes (197ms)
				ProcessInitializeOnLoadMethodAttributes (62ms)
				AfterProcessingInitializeOnLoad (0ms)
				EditorAssembliesLoaded (0ms)
			ExecutionOrderSort2 (0ms)
			AwakeInstancesAfterBackupRestoration (0ms)
Platform modules already initialized, skipping
Registering precompiled user dll's ...
Registered in 0.351656 seconds.
Begin MonoManager ReloadAssembly
Symbol file LoadedFromMemory doesn't match image D:\Unity Projects\New Github\GGJ_2023_Roots\GGJ_2023_Roots\Library\PackageCache\com.unity.visualscripting@1.7.8\Editor\VisualScripting.Core\Dependencies\DotNetZip\Unity.VisualScripting.IonicZip.dll
Symbol file LoadedFromMemory doesn't match image D:\Unity Projects\New Github\GGJ_2023_Roots\GGJ_2023_Roots\Library\PackageCache\com.unity.visualscripting@1.7.8\Editor\VisualScripting.Core\Dependencies\YamlDotNet\Unity.VisualScripting.YamlDotNet.dll
Native extension for UWP target not found
Native extension for WindowsStandalone target not found
Native extension for WebGL target not found
Refreshing native plugins compatible for Editor in 131.92 ms, found 7 plugins.
Preloading 0 native plugins for Editor in 0.00 ms.
Mono: successfully reloaded assembly
- Completed reload, in  2.765 seconds
Domain Reload Profiling:
	ReloadAssembly (2767ms)
		BeginReloadAssembly (178ms)
			ExecutionOrderSort (0ms)
			DisableScriptedObjects (10ms)
			BackupInstance (0ms)
			ReleaseScriptingObjects (0ms)
			CreateAndSetChildDomain (32ms)
		EndReloadAssembly (2339ms)
			LoadAssemblies (962ms)
			RebuildTransferFunctionScriptingTraits (0ms)
			SetupTypeCache (394ms)
			ReleaseScriptCaches (1ms)
			RebuildScriptCaches (110ms)
			SetupLoadedEditorAssemblies (833ms)
				LogAssemblyErrors (0ms)
				InitializePlatformSupportModulesInManaged (35ms)
				SetLoadedEditorAssemblies (0ms)
				RefreshPlugins (132ms)
				BeforeProcessingInitializeOnLoad (129ms)
				ProcessInitializeOnLoadAttributes (430ms)
				ProcessInitializeOnLoadMethodAttributes (95ms)
				AfterProcessingInitializeOnLoad (11ms)
				EditorAssembliesLoaded (0ms)
			ExecutionOrderSort2 (0ms)
			AwakeInstancesAfterBackupRestoration (8ms)
Platform modules already initialized, skipping
========================================================================
Worker process is ready to serve import requests
Launched and connected shader compiler UnityShaderCompiler.exe after 0.05 seconds
Refreshing native plugins compatible for Editor in 1.73 ms, found 7 plugins.
Preloading 0 native plugins for Editor in 0.00 ms.
Unloading 5472 Unused Serialized files (Serialized files now loaded: 0)
Unloading 112 unused Assets / (0.8 MB). Loaded Objects now: 5864.
Memory consumption went from 222.2 MB to 221.4 MB.
Total: 4.797000 ms (FindLiveObjects: 0.635500 ms CreateObjectMapping: 0.392800 ms MarkObjects: 3.392200 ms  DeleteObjects: 0.375100 ms)

AssetImportParameters requested are different than current active one (requested -> active):
  custom:video-decoder-ogg-theora: a1e56fd34408186e4bbccfd4996cb3dc -> 
  custom:container-muxer-webm: aa71ff27fc2769a1b78a27578f13a17b -> 
  custom:container-demuxer-webm: 4f35f7cbe854078d1ac9338744f61a02 -> 
  custom:video-encoder-webm-vp8: eb34c28f22e8b96e1ab97ce403110664 -> 
  custom:audio-encoder-webm-vorbis: bf7c407c2cedff20999df2af8eb42d56 -> 
  custom:framework-win-MediaFoundation: 216162199b28c13a410421893ffa2e32 -> 
  custom:container-demuxer-ogg: 62fdf1f143b41e24485cea50d1cbac27 -> 
  custom:video-decoder-webm-vp8: 9c59270c3fd7afecdb556c50c9e8de78 -> 
  custom:audio-decoder-ogg-vorbis: bf7c407c2cedff20999df2af8eb42d56 -> 
========================================================================
Received Import Request.
  Time since last request: 3814910.959803 seconds.
  path: Assets/CharacterMeshes/Chris/ChrisAnims/ChrisIdle.anim
  artifactKey: Guid(f3896a1f9d5fb3840a09992bc86b086d) Importer(815301076,1909f56bfc062723c751e8b465ee728b)
Start importing Assets/CharacterMeshes/Chris/ChrisAnims/ChrisIdle.anim using Guid(f3896a1f9d5fb3840a09992bc86b086d) Importer(815301076,1909f56bfc062723c751e8b465ee728b)  -> (artifact id: '159e3c25679d5f1a60116e94672d2fc1') in 0.050020 seconds 
========================================================================
Received Import Request.
  Time since last request: 10.512215 seconds.
  path: Assets/CharacterMeshes/Chris/ChrisAnims/Take 001.anim
  artifactKey: Guid(25cc81aa0a25c944480a6f83ba5024a5) Importer(815301076,1909f56bfc062723c751e8b465ee728b)
Start importing Assets/CharacterMeshes/Chris/ChrisAnims/Take 001.anim using Guid(25cc81aa0a25c944480a6f83ba5024a5) Importer(815301076,1909f56bfc062723c751e8b465ee728b)  -> (artifact id: 'f489e5ad4bf92886ad5d93bb92858507') in 0.021005 seconds 
========================================================================
Received Import Request.
  Time since last request: 7.383167 seconds.
  path: Assets/CharacterMeshes/Chris/ChrisAnims/ChrisGuitar.anim
  artifactKey: Guid(25cc81aa0a25c944480a6f83ba5024a5) Importer(815301076,1909f56bfc062723c751e8b465ee728b)
Start importing Assets/CharacterMeshes/Chris/ChrisAnims/ChrisGuitar.anim using Guid(25cc81aa0a25c944480a6f83ba5024a5) Importer(815301076,1909f56bfc062723c751e8b465ee728b)  -> (artifact id: '8badddcc34d9feca9d1957810f353ea5') in 0.058122 seconds 
========================================================================
Received Import Request.
  Time since last request: 1579.557295 seconds.
  path: Assets/Animations/Dave.controller
  artifactKey: Guid(4742306edefd6384f845d1170162c207) Importer(815301076,1909f56bfc062723c751e8b465ee728b)
Start importing Assets/Animations/Dave.controller using Guid(4742306edefd6384f845d1170162c207) Importer(815301076,1909f56bfc062723c751e8b465ee728b)  -> (artifact id: '369f3a24770163b0e02e784e4dced17c') in 0.010205 seconds 
========================================================================
Received Import Request.
  Time since last request: 3.635161 seconds.
  path: Assets/ActionMaps/PlayerActionMap.inputactions
  artifactKey: Guid(a3472f8706685374db19080860a8a39c) Importer(815301076,1909f56bfc062723c751e8b465ee728b)
Start importing Assets/ActionMaps/PlayerActionMap.inputactions using Guid(a3472f8706685374db19080860a8a39c) Importer(815301076,1909f56bfc062723c751e8b465ee728b)  -> (artifact id: '2f8ec0359e41b93dd8cbd2970b2c54d2') in 0.037405 seconds 
========================================================================
Received Import Request.
  Time since last request: 13.517162 seconds.
  path: Assets/AnimatorControllers/Chris.controller
  artifactKey: Guid(ecc88d849a26a374d86f7aa09b4a8364) Importer(815301076,1909f56bfc062723c751e8b465ee728b)
Start importing Assets/AnimatorControllers/Chris.controller using Guid(ecc88d849a26a374d86f7aa09b4a8364) Importer(815301076,1909f56bfc062723c751e8b465ee728b)  -> (artifact id: '2c9a465f5902777c26d4bf9be6482152') in 0.106809 seconds 
========================================================================
Received Import Request.
  Time since last request: 4.830699 seconds.
  path: Assets/Fonts/Blank River SDF.asset
  artifactKey: Guid(fcc920f974353dd4ab77837fb1d922e1) Importer(815301076,1909f56bfc062723c751e8b465ee728b)
Start importing Assets/Fonts/Blank River SDF.asset using Guid(fcc920f974353dd4ab77837fb1d922e1) Importer(815301076,1909f56bfc062723c751e8b465ee728b)  -> (artifact id: 'ab071adfb23c8be2ddfbf643e77c1c94') in 0.842173 seconds 
========================================================================
Received Import Request.
  Time since last request: 14.180200 seconds.
  path: Assets/CharacterMeshes/Chris/ChrisAnims/ChrisGuitarAnim.fbx
  artifactKey: Guid(c3b8b11d75f1e434684d5184981bb1e0) Importer(815301076,1909f56bfc062723c751e8b465ee728b)
Start importing Assets/CharacterMeshes/Chris/ChrisAnims/ChrisGuitarAnim.fbx using Guid(c3b8b11d75f1e434684d5184981bb1e0) Importer(815301076,1909f56bfc062723c751e8b465ee728b)  -> (artifact id: 'd830c14da243a7b01d488e8a6d68cede') in 0.151296 seconds 
========================================================================
Received Import Request.
  Time since last request: 17.610996 seconds.
  path: Assets/CharacterMeshes/Chris/ChrisAnims/ChrisIdleAnim.fbx
  artifactKey: Guid(ae3fd60db05205b42b2dd8a5690f5b72) Importer(815301076,1909f56bfc062723c751e8b465ee728b)
Start importing Assets/CharacterMeshes/Chris/ChrisAnims/ChrisIdleAnim.fbx using Guid(ae3fd60db05205b42b2dd8a5690f5b72) Importer(815301076,1909f56bfc062723c751e8b465ee728b)  -> (artifact id: '0d682a5fbcd22d3c9b3cbdb63bf65d15') in 0.084502 seconds 
========================================================================
Received Import Request.
  Time since last request: 21.335118 seconds.
  path: Assets/CharacterMeshes/Chris/ChrisAnims/Take 001.anim
  artifactKey: Guid(cd1b25c17292eef488f9355e42f3e2c5) Importer(815301076,1909f56bfc062723c751e8b465ee728b)
Start importing Assets/CharacterMeshes/Chris/ChrisAnims/Take 001.anim using Guid(cd1b25c17292eef488f9355e42f3e2c5) Importer(815301076,1909f56bfc062723c751e8b465ee728b)  -> (artifact id: '24892a72ffc24c929a430dd21b718efb') in 0.035710 seconds 
========================================================================
Received Import Request.
  Time since last request: 7.926595 seconds.
  path: Assets/CharacterMeshes/Chris/ChrisAnims/ChrisGuitar.anim
  artifactKey: Guid(cd1b25c17292eef488f9355e42f3e2c5) Importer(815301076,1909f56bfc062723c751e8b465ee728b)
Start importing Assets/CharacterMeshes/Chris/ChrisAnims/ChrisGuitar.anim using Guid(cd1b25c17292eef488f9355e42f3e2c5) Importer(815301076,1909f56bfc062723c751e8b465ee728b)  -> (artifact id: 'abd7053d78eea11fb6591a66785a4e38') in 0.041725 seconds 
========================================================================
Received Import Request.
  Time since last request: 5.277720 seconds.
  path: Assets/CharacterMeshes/Chris/ChrisAnims/Take 001.anim
  artifactKey: Guid(05f50f3b876e9834fb2248ca7042a184) Importer(815301076,1909f56bfc062723c751e8b465ee728b)
Start importing Assets/CharacterMeshes/Chris/ChrisAnims/Take 001.anim using Guid(05f50f3b876e9834fb2248ca7042a184) Importer(815301076,1909f56bfc062723c751e8b465ee728b)  -> (artifact id: '27e4e9a457fbc7781a6ff970f4641d35') in 0.016791 seconds 
========================================================================
Received Import Request.
  Time since last request: 7.652592 seconds.
  path: Assets/CharacterMeshes/Chris/ChrisAnims/ChrisIdle.anim
  artifactKey: Guid(05f50f3b876e9834fb2248ca7042a184) Importer(815301076,1909f56bfc062723c751e8b465ee728b)
Start importing Assets/CharacterMeshes/Chris/ChrisAnims/ChrisIdle.anim using Guid(05f50f3b876e9834fb2248ca7042a184) Importer(815301076,1909f56bfc062723c751e8b465ee728b)  -> (artifact id: '68e2e21d8441db8d014f01bdb7a6d931') in 0.017518 seconds 
========================================================================
Received Import Request.
  Time since last request: 54.729855 seconds.
  path: Assets/CharacterMeshes/Dave/DaveAnims
  artifactKey: Guid(c3dd57998f5a15e4ab06a70d9134ebdd) Importer(815301076,1909f56bfc062723c751e8b465ee728b)
Start importing Assets/CharacterMeshes/Dave/DaveAnims using Guid(c3dd57998f5a15e4ab06a70d9134ebdd) Importer(815301076,1909f56bfc062723c751e8b465ee728b)  -> (artifact id: '3eae08930ddfbabe71ba4badfe1f2283') in 0.009259 seconds 
========================================================================
Received Import Request.
  Time since last request: 0.000033 seconds.
  path: Assets/CharacterMeshes/Dave/DaveAnims/DaveIdleAnim.fbx
  artifactKey: Guid(a18503313ed21be45b55d3b3ef4ba11d) Importer(815301076,1909f56bfc062723c751e8b465ee728b)
Start importing Assets/CharacterMeshes/Dave/DaveAnims/DaveIdleAnim.fbx using Guid(a18503313ed21be45b55d3b3ef4ba11d) Importer(815301076,1909f56bfc062723c751e8b465ee728b)  -> (artifact id: '586775d63f7d35779263c73c1c608a34') in 0.130763 seconds 
========================================================================
Received Import Request.
  Time since last request: 23.995226 seconds.
  path: Assets/CharacterMeshes/Dave/DaveAnims/DaveDrumsAnim.fbx
  artifactKey: Guid(75e37fa666e1cf14488b3620a12ac066) Importer(815301076,1909f56bfc062723c751e8b465ee728b)
Start importing Assets/CharacterMeshes/Dave/DaveAnims/DaveDrumsAnim.fbx using Guid(75e37fa666e1cf14488b3620a12ac066) Importer(815301076,1909f56bfc062723c751e8b465ee728b)  -> (artifact id: '63af56d0e14440b504d0f8ca33eafc61') in 0.114954 seconds 
========================================================================
Received Import Request.
  Time since last request: 31.347769 seconds.
  path: Assets/CharacterMeshes/Dave/DaveAnims/DaveIdleAnim.fbx
  artifactKey: Guid(a18503313ed21be45b55d3b3ef4ba11d) Importer(815301076,1909f56bfc062723c751e8b465ee728b)
Start importing Assets/CharacterMeshes/Dave/DaveAnims/DaveIdleAnim.fbx using Guid(a18503313ed21be45b55d3b3ef4ba11d) Importer(815301076,1909f56bfc062723c751e8b465ee728b)  -> (artifact id: '90d7873886d075b7e88c3751c9a04d23') in 0.105142 seconds 
========================================================================
Received Import Request.
  Time since last request: 20.519300 seconds.
  path: Assets/CharacterMeshes/Dave/DaveAnims/DaveDrumsAnim.fbx
  artifactKey: Guid(75e37fa666e1cf14488b3620a12ac066) Importer(815301076,1909f56bfc062723c751e8b465ee728b)
Start importing Assets/CharacterMeshes/Dave/DaveAnims/DaveDrumsAnim.fbx using Guid(75e37fa666e1cf14488b3620a12ac066) Importer(815301076,1909f56bfc062723c751e8b465ee728b)  -> (artifact id: 'db9dedd3a93b46f14f640544cae991fa') in 0.120925 seconds 
========================================================================
Received Import Request.
  Time since last request: 12.906202 seconds.
  path: Assets/CharacterMeshes/Dave/DaveAnims/DaveIdleAnim.fbx
  artifactKey: Guid(a18503313ed21be45b55d3b3ef4ba11d) Importer(815301076,1909f56bfc062723c751e8b465ee728b)
Start importing Assets/CharacterMeshes/Dave/DaveAnims/DaveIdleAnim.fbx using Guid(a18503313ed21be45b55d3b3ef4ba11d) Importer(815301076,1909f56bfc062723c751e8b465ee728b)  -> (artifact id: '6ef274af2b98a27f0d63efcb7cbb518d') in 0.112418 seconds 
========================================================================
Received Import Request.
  Time since last request: 8.866064 seconds.
  path: Assets/CharacterMeshes/Dave/DaveAnims/Take 001.anim
  artifactKey: Guid(4c7d80dbf63a9f5488c8b74eab362698) Importer(815301076,1909f56bfc062723c751e8b465ee728b)
Start importing Assets/CharacterMeshes/Dave/DaveAnims/Take 001.anim using Guid(4c7d80dbf63a9f5488c8b74eab362698) Importer(815301076,1909f56bfc062723c751e8b465ee728b)  -> (artifact id: 'a0a4f0f6abcade7badc2eda7c0f194d4') in 0.015820 seconds 
========================================================================
Received Import Request.
  Time since last request: 6.177506 seconds.
  path: Assets/CharacterMeshes/Dave/DaveAnims/DaveDrums.anim
  artifactKey: Guid(4c7d80dbf63a9f5488c8b74eab362698) Importer(815301076,1909f56bfc062723c751e8b465ee728b)
Start importing Assets/CharacterMeshes/Dave/DaveAnims/DaveDrums.anim using Guid(4c7d80dbf63a9f5488c8b74eab362698) Importer(815301076,1909f56bfc062723c751e8b465ee728b)  -> (artifact id: '704bbd4d3cb32fd9696258c62393ce7f') in 0.017266 seconds 
========================================================================
Received Import Request.
  Time since last request: 6.038888 seconds.
  path: Assets/CharacterMeshes/Dave/DaveAnims/Take 001.anim
  artifactKey: Guid(e220292af93973747a0c87abcc96f01c) Importer(815301076,1909f56bfc062723c751e8b465ee728b)
Start importing Assets/CharacterMeshes/Dave/DaveAnims/Take 001.anim using Guid(e220292af93973747a0c87abcc96f01c) Importer(815301076,1909f56bfc062723c751e8b465ee728b)  -> (artifact id: '33443fd22626f553fbaad021e78edbdc') in 0.008999 seconds 
========================================================================
Received Import Request.
  Time since last request: 12.599854 seconds.
  path: Assets/CharacterMeshes/Dave/DaveAnims/DaveIdle.anim
  artifactKey: Guid(e220292af93973747a0c87abcc96f01c) Importer(815301076,1909f56bfc062723c751e8b465ee728b)
Start importing Assets/CharacterMeshes/Dave/DaveAnims/DaveIdle.anim using Guid(e220292af93973747a0c87abcc96f01c) Importer(815301076,1909f56bfc062723c751e8b465ee728b)  -> (artifact id: '2ae0a10dde0a2fbf556a03a8004b2d88') in 0.012412 seconds 
========================================================================
Received Prepare
Registering precompiled user dll's ...
Registered in 0.011665 seconds.
Begin MonoManager ReloadAssembly
Symbol file LoadedFromMemory doesn't match image D:\Unity Projects\New Github\GGJ_2023_Roots\GGJ_2023_Roots\Library\PackageCache\com.unity.visualscripting@1.7.8\Editor\VisualScripting.Core\Dependencies\DotNetZip\Unity.VisualScripting.IonicZip.dll
Symbol file LoadedFromMemory doesn't match image D:\Unity Projects\New Github\GGJ_2023_Roots\GGJ_2023_Roots\Library\PackageCache\com.unity.visualscripting@1.7.8\Editor\VisualScripting.Core\Dependencies\YamlDotNet\Unity.VisualScripting.YamlDotNet.dll
Native extension for UWP target not found
Native extension for WindowsStandalone target not found
Native extension for WebGL target not found
Refreshing native plugins compatible for Editor in 1.47 ms, found 7 plugins.
Preloading 0 native plugins for Editor in 0.00 ms.
Mono: successfully reloaded assembly
- Completed reload, in  1.474 seconds
Domain Reload Profiling:
	ReloadAssembly (1475ms)
		BeginReloadAssembly (176ms)
			ExecutionOrderSort (0ms)
			DisableScriptedObjects (9ms)
			BackupInstance (0ms)
			ReleaseScriptingObjects (0ms)
			CreateAndSetChildDomain (50ms)
		EndReloadAssembly (1180ms)
			LoadAssemblies (126ms)
			RebuildTransferFunctionScriptingTraits (0ms)
			SetupTypeCache (367ms)
			ReleaseScriptCaches (2ms)
			RebuildScriptCaches (66ms)
			SetupLoadedEditorAssemblies (525ms)
				LogAssemblyErrors (0ms)
				InitializePlatformSupportModulesInManaged (20ms)
				SetLoadedEditorAssemblies (1ms)
				RefreshPlugins (2ms)
				BeforeProcessingInitializeOnLoad (99ms)
				ProcessInitializeOnLoadAttributes (301ms)
				ProcessInitializeOnLoadMethodAttributes (91ms)
				AfterProcessingInitializeOnLoad (10ms)
				EditorAssembliesLoaded (0ms)
			ExecutionOrderSort2 (0ms)
			AwakeInstancesAfterBackupRestoration (16ms)
Platform modules already initialized, skipping
Refreshing native plugins compatible for Editor in 9.55 ms, found 7 plugins.
Preloading 0 native plugins for Editor in 0.00 ms.
Unloading 5340 Unused Serialized files (Serialized files now loaded: 0)
Unloading 91 unused Assets / (0.8 MB). Loaded Objects now: 5972.
Memory consumption went from 233.8 MB to 233.1 MB.
Total: 4.019000 ms (FindLiveObjects: 0.386000 ms CreateObjectMapping: 0.164300 ms MarkObjects: 3.119900 ms  DeleteObjects: 0.347700 ms)

AssetImportParameters requested are different than current active one (requested -> active):
  custom:video-decoder-ogg-theora: a1e56fd34408186e4bbccfd4996cb3dc -> 
  custom:container-muxer-webm: aa71ff27fc2769a1b78a27578f13a17b -> 
  custom:container-demuxer-webm: 4f35f7cbe854078d1ac9338744f61a02 -> 
  custom:video-encoder-webm-vp8: eb34c28f22e8b96e1ab97ce403110664 -> 
  custom:audio-encoder-webm-vorbis: bf7c407c2cedff20999df2af8eb42d56 -> 
  custom:framework-win-MediaFoundation: 216162199b28c13a410421893ffa2e32 -> 
  custom:container-demuxer-ogg: 62fdf1f143b41e24485cea50d1cbac27 -> 
  custom:video-decoder-webm-vp8: 9c59270c3fd7afecdb556c50c9e8de78 -> 
  custom:audio-decoder-ogg-vorbis: bf7c407c2cedff20999df2af8eb42d56 -> 
========================================================================
Received Import Request.
  Time since last request: 103.555470 seconds.
  path: Assets/CharacterMeshes/Dave/DaveAnims/DaveDrumsAnim.fbx
  artifactKey: Guid(75e37fa666e1cf14488b3620a12ac066) Importer(815301076,1909f56bfc062723c751e8b465ee728b)
Start importing Assets/CharacterMeshes/Dave/DaveAnims/DaveDrumsAnim.fbx using Guid(75e37fa666e1cf14488b3620a12ac066) Importer(815301076,1909f56bfc062723c751e8b465ee728b)  -> (artifact id: 'beb4fe6cac0df79fb889bcfe299bd2ee') in 0.331236 seconds 
========================================================================
Received Import Request.
  Time since last request: 0.118279 seconds.
  path: Assets/CharacterMeshes/Dave/DaveAnims/DaveDrumsAnim.fbx
  artifactKey: Guid(75e37fa666e1cf14488b3620a12ac066) Importer(815301076,1909f56bfc062723c751e8b465ee728b)
Start importing Assets/CharacterMeshes/Dave/DaveAnims/DaveDrumsAnim.fbx using Guid(75e37fa666e1cf14488b3620a12ac066) Importer(815301076,1909f56bfc062723c751e8b465ee728b)  -> (artifact id: 'ae5b24fbfbef04a95386669793fda7a2') in 0.111172 seconds 
========================================================================
Received Import Request.
  Time since last request: 0.000032 seconds.
  path: Assets/CharacterMeshes/Dave/DaveAnims/drums.mat
  artifactKey: Guid(07f4874abcc8575488d7b11dfe28a341) Importer(815301076,1909f56bfc062723c751e8b465ee728b)
Start importing Assets/CharacterMeshes/Dave/DaveAnims/drums.mat using Guid(07f4874abcc8575488d7b11dfe28a341) Importer(815301076,1909f56bfc062723c751e8b465ee728b)  -> (artifact id: '6f5d9db0fb31345a089f3208bfd81658') in 0.030984 seconds 
========================================================================
Received Import Request.
  Time since last request: 4.620035 seconds.
  path: Assets/CharacterMeshes/Anna/AnnaTextures
  artifactKey: Guid(056be9a6002a6a646ba71f242588017d) Importer(815301076,1909f56bfc062723c751e8b465ee728b)
Start importing Assets/CharacterMeshes/Anna/AnnaTextures using Guid(056be9a6002a6a646ba71f242588017d) Importer(815301076,1909f56bfc062723c751e8b465ee728b)  -> (artifact id: 'd55f84ea412ba2ac2e1c42762d18a599') in 0.010105 seconds 
========================================================================
Received Import Request.
  Time since last request: 0.021427 seconds.
  path: Assets/CharacterMeshes/Anna/AnnaTextures/AnnaPaint_Anna_AlbedoTransparency.png
  artifactKey: Guid(76c8c219977496c48b9583ceb4a91b39) Importer(815301076,1909f56bfc062723c751e8b465ee728b)
Start importing Assets/CharacterMeshes/Anna/AnnaTextures/AnnaPaint_Anna_AlbedoTransparency.png using Guid(76c8c219977496c48b9583ceb4a91b39) Importer(815301076,1909f56bfc062723c751e8b465ee728b)  -> (artifact id: '64aaf48d0c6bdb0ebf079a53411ec6d8') in 0.164475 seconds 
========================================================================
Received Import Request.
  Time since last request: 0.000039 seconds.
  path: Assets/CharacterMeshes/Anna/AnnaTextures/AnnaPaint_bass_AlbedoTransparency.png
  artifactKey: Guid(8b522037e5c20264e9f0e4ae269791d2) Importer(815301076,1909f56bfc062723c751e8b465ee728b)
Start importing Assets/CharacterMeshes/Anna/AnnaTextures/AnnaPaint_bass_AlbedoTransparency.png using Guid(8b522037e5c20264e9f0e4ae269791d2) Importer(815301076,1909f56bfc062723c751e8b465ee728b)  -> (artifact id: '042923fe0a7c7e916a5548bd79726dd4') in 0.166291 seconds 
========================================================================
Received Import Request.
  Time since last request: 0.000181 seconds.
  path: Assets/CharacterMeshes/Anna/AnnaTextures/AnnaPaint_bass_Normal.png
  artifactKey: Guid(91490d2c8527d0d4ab04fc5d3ee221ab) Importer(815301076,1909f56bfc062723c751e8b465ee728b)
Start importing Assets/CharacterMeshes/Anna/AnnaTextures/AnnaPaint_bass_Normal.png using Guid(91490d2c8527d0d4ab04fc5d3ee221ab) Importer(815301076,1909f56bfc062723c751e8b465ee728b)  -> (artifact id: '6386c0802196ab138dd5c3d89e40c086') in 0.148182 seconds 
========================================================================
Received Prepare
Registering precompiled user dll's ...
Registered in 0.010561 seconds.
Begin MonoManager ReloadAssembly
Symbol file LoadedFromMemory doesn't match image D:\Unity Projects\New Github\GGJ_2023_Roots\GGJ_2023_Roots\Library\PackageCache\com.unity.visualscripting@1.7.8\Editor\VisualScripting.Core\Dependencies\DotNetZip\Unity.VisualScripting.IonicZip.dll
Symbol file LoadedFromMemory doesn't match image D:\Unity Projects\New Github\GGJ_2023_Roots\GGJ_2023_Roots\Library\PackageCache\com.unity.visualscripting@1.7.8\Editor\VisualScripting.Core\Dependencies\YamlDotNet\Unity.VisualScripting.YamlDotNet.dll
Native extension for UWP target not found
Native extension for WindowsStandalone target not found
Native extension for WebGL target not found
Refreshing native plugins compatible for Editor in 1.72 ms, found 7 plugins.
Preloading 0 native plugins for Editor in 0.00 ms.
Mono: successfully reloaded assembly
- Completed reload, in  1.668 seconds
Domain Reload Profiling:
	ReloadAssembly (1669ms)
		BeginReloadAssembly (161ms)
			ExecutionOrderSort (0ms)
			DisableScriptedObjects (8ms)
			BackupInstance (0ms)
			ReleaseScriptingObjects (0ms)
			CreateAndSetChildDomain (45ms)
		EndReloadAssembly (1382ms)
			LoadAssemblies (122ms)
			RebuildTransferFunctionScriptingTraits (0ms)
			SetupTypeCache (422ms)
			ReleaseScriptCaches (3ms)
			RebuildScriptCaches (84ms)
			SetupLoadedEditorAssemblies (618ms)
				LogAssemblyErrors (0ms)
				InitializePlatformSupportModulesInManaged (22ms)
				SetLoadedEditorAssemblies (1ms)
				RefreshPlugins (2ms)
				BeforeProcessingInitializeOnLoad (108ms)
				ProcessInitializeOnLoadAttributes (383ms)
				ProcessInitializeOnLoadMethodAttributes (91ms)
				AfterProcessingInitializeOnLoad (10ms)
				EditorAssembliesLoaded (0ms)
			ExecutionOrderSort2 (0ms)
			AwakeInstancesAfterBackupRestoration (17ms)
Platform modules already initialized, skipping
Refreshing native plugins compatible for Editor in 10.98 ms, found 7 plugins.
Preloading 0 native plugins for Editor in 0.00 ms.
Unloading 5340 Unused Serialized files (Serialized files now loaded: 0)
Unloading 91 unused Assets / (0.8 MB). Loaded Objects now: 6028.
Memory consumption went from 233.9 MB to 233.2 MB.
Total: 3.955500 ms (FindLiveObjects: 0.408000 ms CreateObjectMapping: 0.173700 ms MarkObjects: 3.012000 ms  DeleteObjects: 0.360900 ms)

AssetImportParameters requested are different than current active one (requested -> active):
  custom:video-decoder-ogg-theora: a1e56fd34408186e4bbccfd4996cb3dc -> 
  custom:container-muxer-webm: aa71ff27fc2769a1b78a27578f13a17b -> 
  custom:container-demuxer-webm: 4f35f7cbe854078d1ac9338744f61a02 -> 
  custom:video-encoder-webm-vp8: eb34c28f22e8b96e1ab97ce403110664 -> 
  custom:audio-encoder-webm-vorbis: bf7c407c2cedff20999df2af8eb42d56 -> 
  custom:framework-win-MediaFoundation: 216162199b28c13a410421893ffa2e32 -> 
  custom:container-demuxer-ogg: 62fdf1f143b41e24485cea50d1cbac27 -> 
  custom:video-decoder-webm-vp8: 9c59270c3fd7afecdb556c50c9e8de78 -> 
  custom:audio-decoder-ogg-vorbis: bf7c407c2cedff20999df2af8eb42d56 -> 
========================================================================
Received Prepare
Registering precompiled user dll's ...
Registered in 0.010778 seconds.
Begin MonoManager ReloadAssembly
Symbol file LoadedFromMemory doesn't match image D:\Unity Projects\New Github\GGJ_2023_Roots\GGJ_2023_Roots\Library\PackageCache\com.unity.visualscripting@1.7.8\Editor\VisualScripting.Core\Dependencies\DotNetZip\Unity.VisualScripting.IonicZip.dll
Symbol file LoadedFromMemory doesn't match image D:\Unity Projects\New Github\GGJ_2023_Roots\GGJ_2023_Roots\Library\PackageCache\com.unity.visualscripting@1.7.8\Editor\VisualScripting.Core\Dependencies\YamlDotNet\Unity.VisualScripting.YamlDotNet.dll
Native extension for UWP target not found
Native extension for WindowsStandalone target not found
Native extension for WebGL target not found
Refreshing native plugins compatible for Editor in 1.89 ms, found 7 plugins.
Preloading 0 native plugins for Editor in 0.00 ms.
Mono: successfully reloaded assembly
- Completed reload, in  1.630 seconds
Domain Reload Profiling:
	ReloadAssembly (1631ms)
		BeginReloadAssembly (157ms)
			ExecutionOrderSort (0ms)
			DisableScriptedObjects (6ms)
			BackupInstance (0ms)
			ReleaseScriptingObjects (0ms)
			CreateAndSetChildDomain (41ms)
		EndReloadAssembly (1337ms)
			LoadAssemblies (126ms)
			RebuildTransferFunctionScriptingTraits (0ms)
			SetupTypeCache (406ms)
			ReleaseScriptCaches (2ms)
			RebuildScriptCaches (78ms)
			SetupLoadedEditorAssemblies (603ms)
				LogAssemblyErrors (0ms)
				InitializePlatformSupportModulesInManaged (24ms)
				SetLoadedEditorAssemblies (1ms)
				RefreshPlugins (2ms)
				BeforeProcessingInitializeOnLoad (105ms)
				ProcessInitializeOnLoadAttributes (370ms)
				ProcessInitializeOnLoadMethodAttributes (90ms)
				AfterProcessingInitializeOnLoad (10ms)
				EditorAssembliesLoaded (0ms)
			ExecutionOrderSort2 (0ms)
			AwakeInstancesAfterBackupRestoration (15ms)
Platform modules already initialized, skipping
Refreshing native plugins compatible for Editor in 10.54 ms, found 7 plugins.
Preloading 0 native plugins for Editor in 0.00 ms.
Unloading 5341 Unused Serialized files (Serialized files now loaded: 0)
Unloading 91 unused Assets / (0.8 MB). Loaded Objects now: 6043.
Memory consumption went from 234.0 MB to 233.2 MB.
Total: 3.233300 ms (FindLiveObjects: 0.373500 ms CreateObjectMapping: 0.186000 ms MarkObjects: 2.376600 ms  DeleteObjects: 0.296100 ms)

AssetImportParameters requested are different than current active one (requested -> active):
  custom:video-decoder-ogg-theora: a1e56fd34408186e4bbccfd4996cb3dc -> 
  custom:container-muxer-webm: aa71ff27fc2769a1b78a27578f13a17b -> 
  custom:container-demuxer-webm: 4f35f7cbe854078d1ac9338744f61a02 -> 
  custom:video-encoder-webm-vp8: eb34c28f22e8b96e1ab97ce403110664 -> 
  custom:audio-encoder-webm-vorbis: bf7c407c2cedff20999df2af8eb42d56 -> 
  custom:framework-win-MediaFoundation: 216162199b28c13a410421893ffa2e32 -> 
  custom:container-demuxer-ogg: 62fdf1f143b41e24485cea50d1cbac27 -> 
  custom:video-decoder-webm-vp8: 9c59270c3fd7afecdb556c50c9e8de78 -> 
  custom:audio-decoder-ogg-vorbis: bf7c407c2cedff20999df2af8eb42d56 -> 
========================================================================
Received Import Request.
  Time since last request: 350.625025 seconds.
  path: Assets/CharacterMeshes/Anna/AnnaAnims/Anna.fbx
  artifactKey: Guid(b9c85ec3fdb7a604b94c5cdff1761826) Importer(815301076,1909f56bfc062723c751e8b465ee728b)
Start importing Assets/CharacterMeshes/Anna/AnnaAnims/Anna.fbx using Guid(b9c85ec3fdb7a604b94c5cdff1761826) Importer(815301076,1909f56bfc062723c751e8b465ee728b)  -> (artifact id: '17535014c7e783b3886e0c1c5da51927') in 0.336215 seconds 
========================================================================
Received Import Request.
  Time since last request: 3.905309 seconds.
  path: Assets/CharacterMeshes/Anna/AnnaAnims/Anna.fbx
  artifactKey: Guid(b9c85ec3fdb7a604b94c5cdff1761826) Importer(815301076,1909f56bfc062723c751e8b465ee728b)
Start importing Assets/CharacterMeshes/Anna/AnnaAnims/Anna.fbx using Guid(b9c85ec3fdb7a604b94c5cdff1761826) Importer(815301076,1909f56bfc062723c751e8b465ee728b)  -> (artifact id: '759d5add8c9e69114390410fbba9aaad') in 0.075538 seconds 
========================================================================
Received Import Request.
  Time since last request: 17.041537 seconds.
  path: Assets/Materials/DownMat.mat
  artifactKey: Guid(c0181b8eac8df4443a23079691b2bb76) Importer(815301076,1909f56bfc062723c751e8b465ee728b)
Start importing Assets/Materials/DownMat.mat using Guid(c0181b8eac8df4443a23079691b2bb76) Importer(815301076,1909f56bfc062723c751e8b465ee728b)  -> (artifact id: '06361e6aefb4251235407cae2d2e5f7c') in 0.047363 seconds 
========================================================================
Received Import Request.
  Time since last request: 0.000042 seconds.
  path: Assets/Materials/LeftMat_Pressed.mat
  artifactKey: Guid(aabd94d8176a03b4b9e94d310eecb178) Importer(815301076,1909f56bfc062723c751e8b465ee728b)
Start importing Assets/Materials/LeftMat_Pressed.mat using Guid(aabd94d8176a03b4b9e94d310eecb178) Importer(815301076,1909f56bfc062723c751e8b465ee728b)  -> (artifact id: '08b4a928b35a1c7ff75186bcc8b90315') in 0.030742 seconds 
========================================================================
Received Import Request.
  Time since last request: 0.000045 seconds.
  path: Assets/Materials/UpMat_Pressed.mat
  artifactKey: Guid(df3c0ee20cbb0254297fc85047b30f40) Importer(815301076,1909f56bfc062723c751e8b465ee728b)
Start importing Assets/Materials/UpMat_Pressed.mat using Guid(df3c0ee20cbb0254297fc85047b30f40) Importer(815301076,1909f56bfc062723c751e8b465ee728b)  -> (artifact id: '406e64be452c9e16082d7a9fe3904efd') in 0.021818 seconds 
========================================================================
Received Import Request.
  Time since last request: 0.000027 seconds.
  path: Assets/Materials/UpMat.mat
  artifactKey: Guid(640ad09576b94fe40a959027d412f86e) Importer(815301076,1909f56bfc062723c751e8b465ee728b)
Start importing Assets/Materials/UpMat.mat using Guid(640ad09576b94fe40a959027d412f86e) Importer(815301076,1909f56bfc062723c751e8b465ee728b)  -> (artifact id: '688048f28700083cdb08d594c5a8a1e6') in 0.049823 seconds 
========================================================================
Received Import Request.
  Time since last request: 0.000036 seconds.
  path: Assets/Materials/RightMat.mat
  artifactKey: Guid(d6de5df9db718db40b94dc5786c7670e) Importer(815301076,1909f56bfc062723c751e8b465ee728b)
Start importing Assets/Materials/RightMat.mat using Guid(d6de5df9db718db40b94dc5786c7670e) Importer(815301076,1909f56bfc062723c751e8b465ee728b)  -> (artifact id: 'af639b92bc2ebc37b0fb2c9dbc70a1e0') in 0.026333 seconds 
========================================================================
Received Import Request.
  Time since last request: 0.000052 seconds.
  path: Assets/Materials/RightMat_Pressed.mat
  artifactKey: Guid(dc2334796e9ae8d4998c7b489a743d4c) Importer(815301076,1909f56bfc062723c751e8b465ee728b)
Start importing Assets/Materials/RightMat_Pressed.mat using Guid(dc2334796e9ae8d4998c7b489a743d4c) Importer(815301076,1909f56bfc062723c751e8b465ee728b)  -> (artifact id: '6efd672a77bda2561d60ba07ee158a58') in 0.036734 seconds 
========================================================================
Received Import Request.
  Time since last request: 0.000034 seconds.
  path: Assets/Materials/LeftMat.mat
  artifactKey: Guid(d5adf3281ee87ef4c9339d5acc6d407d) Importer(815301076,1909f56bfc062723c751e8b465ee728b)
Start importing Assets/Materials/LeftMat.mat using Guid(d5adf3281ee87ef4c9339d5acc6d407d) Importer(815301076,1909f56bfc062723c751e8b465ee728b)  -> (artifact id: '7eb50430503746b0024582ac1eeae717') in 0.020870 seconds 
Editor requested this worker to shutdown with reason: Scaling down because of idle timeout
AssetImportWorker is now disconnected from the server
Process exiting
Exiting without the bug reporter. Application will terminate with return code 0